{"C:\\Users\\25293\\Desktop\\CA_project\\AD_Web\\EcoGoManagementSystem\\src\\api\\advertisementApi.ts": {"path":"C:\\Users\\25293\\Desktop\\CA_project\\AD_Web\\EcoGoManagementSystem\\src\\api\\advertisementApi.ts","statementMap":{"0":{"start":{"line":39,"column":19},"end":{"line":41,"column":null}},"1":{"start":{"line":42,"column":2},"end":{"line":42,"column":null}},"2":{"start":{"line":46,"column":19},"end":{"line":46,"column":null}},"3":{"start":{"line":47,"column":2},"end":{"line":47,"column":null}},"4":{"start":{"line":51,"column":19},"end":{"line":51,"column":null}},"5":{"start":{"line":52,"column":2},"end":{"line":52,"column":null}},"6":{"start":{"line":56,"column":19},"end":{"line":56,"column":null}},"7":{"start":{"line":57,"column":2},"end":{"line":57,"column":null}},"8":{"start":{"line":61,"column":2},"end":{"line":61,"column":null}},"9":{"start":{"line":65,"column":19},"end":{"line":65,"column":null}},"10":{"start":{"line":66,"column":2},"end":{"line":66,"column":null}},"11":{"start":{"line":71,"column":21},"end":{"line":71,"column":null}},"12":{"start":{"line":72,"column":4},"end":{"line":72,"column":null}}},"fnMap":{"0":{"name":"getAllAdvertisements","decl":{"start":{"line":38,"column":22},"end":{"line":38,"column":43}},"loc":{"start":{"line":38,"column":129},"end":{"line":43,"column":null}},"line":38},"1":{"name":"getAdvertisementById","decl":{"start":{"line":45,"column":22},"end":{"line":45,"column":43}},"loc":{"start":{"line":45,"column":79},"end":{"line":48,"column":null}},"line":45},"2":{"name":"createAdvertisement","decl":{"start":{"line":50,"column":22},"end":{"line":50,"column":42}},"loc":{"start":{"line":50,"column":138},"end":{"line":53,"column":null}},"line":50},"3":{"name":"updateAdvertisement","decl":{"start":{"line":55,"column":22},"end":{"line":55,"column":42}},"loc":{"start":{"line":55,"column":106},"end":{"line":58,"column":null}},"line":55},"4":{"name":"deleteAdvertisement","decl":{"start":{"line":60,"column":22},"end":{"line":60,"column":42}},"loc":{"start":{"line":60,"column":69},"end":{"line":62,"column":null}},"line":60},"5":{"name":"updateAdvertisementStatus","decl":{"start":{"line":64,"column":22},"end":{"line":64,"column":48}},"loc":{"start":{"line":64,"column":100},"end":{"line":67,"column":null}},"line":64},"6":{"name":"getActiveAdvertisements","decl":{"start":{"line":70,"column":22},"end":{"line":70,"column":74}},"loc":{"start":{"line":70,"column":74},"end":{"line":73,"column":null}},"line":70}},"branchMap":{"0":{"loc":{"start":{"line":38,"column":43},"end":{"line":38,"column":62}},"type":"default-arg","locations":[{"start":{"line":38,"column":58},"end":{"line":38,"column":62}}],"line":38},"1":{"loc":{"start":{"line":38,"column":62},"end":{"line":38,"column":80}},"type":"default-arg","locations":[{"start":{"line":38,"column":77},"end":{"line":38,"column":80}}],"line":38},"2":{"loc":{"start":{"line":38,"column":80},"end":{"line":38,"column":129}},"type":"default-arg","locations":[{"start":{"line":38,"column":95},"end":{"line":38,"column":129}}],"line":38}},"s":{"0":3,"1":2,"2":2,"3":1,"4":1,"5":1,"6":1,"7":1,"8":2,"9":1,"10":1,"11":1,"12":1},"f":{"0":3,"1":2,"2":1,"3":1,"4":2,"5":1,"6":1},"b":{"0":[3],"1":[3],"2":[3]},"meta":{"lastBranch":3,"lastFunction":7,"lastStatement":13,"seen":{"f:38:22:38:43":0,"b:38:58:38:62":0,"b:38:77:38:80":1,"b:38:95:38:129":2,"s:39:19:41:Infinity":0,"s:42:2:42:Infinity":1,"f:45:22:45:43":1,"s:46:19:46:Infinity":2,"s:47:2:47:Infinity":3,"f:50:22:50:42":2,"s:51:19:51:Infinity":4,"s:52:2:52:Infinity":5,"f:55:22:55:42":3,"s:56:19:56:Infinity":6,"s:57:2:57:Infinity":7,"f:60:22:60:42":4,"s:61:2:61:Infinity":8,"f:64:22:64:48":5,"s:65:19:65:Infinity":9,"s:66:2:66:Infinity":10,"f:70:22:70:74":6,"s:71:21:71:Infinity":11,"s:72:4:72:Infinity":12}}}
,"C:\\Users\\25293\\Desktop\\CA_project\\AD_Web\\EcoGoManagementSystem\\src\\api\\challengeApi.ts": {"path":"C:\\Users\\25293\\Desktop\\CA_project\\AD_Web\\EcoGoManagementSystem\\src\\api\\challengeApi.ts","statementMap":{"0":{"start":{"line":47,"column":28},"end":{"line":94,"column":null}},"1":{"start":{"line":50,"column":21},"end":{"line":50,"column":null}},"2":{"start":{"line":51,"column":4},"end":{"line":51,"column":null}},"3":{"start":{"line":56,"column":21},"end":{"line":56,"column":null}},"4":{"start":{"line":57,"column":4},"end":{"line":57,"column":null}},"5":{"start":{"line":62,"column":21},"end":{"line":62,"column":null}},"6":{"start":{"line":63,"column":4},"end":{"line":63,"column":null}},"7":{"start":{"line":68,"column":21},"end":{"line":68,"column":null}},"8":{"start":{"line":69,"column":4},"end":{"line":69,"column":null}},"9":{"start":{"line":74,"column":4},"end":{"line":74,"column":null}},"10":{"start":{"line":79,"column":21},"end":{"line":79,"column":null}},"11":{"start":{"line":80,"column":4},"end":{"line":80,"column":null}},"12":{"start":{"line":85,"column":21},"end":{"line":85,"column":null}},"13":{"start":{"line":86,"column":4},"end":{"line":86,"column":null}},"14":{"start":{"line":91,"column":21},"end":{"line":91,"column":null}},"15":{"start":{"line":92,"column":4},"end":{"line":92,"column":null}}},"fnMap":{"0":{"name":"(anonymous_0)","decl":{"start":{"line":49,"column":8},"end":{"line":49,"column":49}},"loc":{"start":{"line":49,"column":49},"end":{"line":52,"column":null}},"line":49},"1":{"name":"(anonymous_1)","decl":{"start":{"line":55,"column":8},"end":{"line":55,"column":25}},"loc":{"start":{"line":55,"column":57},"end":{"line":58,"column":null}},"line":55},"2":{"name":"(anonymous_2)","decl":{"start":{"line":61,"column":8},"end":{"line":61,"column":24}},"loc":{"start":{"line":61,"column":106},"end":{"line":64,"column":null}},"line":61},"3":{"name":"(anonymous_3)","decl":{"start":{"line":67,"column":8},"end":{"line":67,"column":24}},"loc":{"start":{"line":67,"column":87},"end":{"line":70,"column":null}},"line":67},"4":{"name":"(anonymous_4)","decl":{"start":{"line":73,"column":8},"end":{"line":73,"column":24}},"loc":{"start":{"line":73,"column":51},"end":{"line":75,"column":null}},"line":73},"5":{"name":"(anonymous_5)","decl":{"start":{"line":78,"column":8},"end":{"line":78,"column":30}},"loc":{"start":{"line":78,"column":68},"end":{"line":81,"column":null}},"line":78},"6":{"name":"(anonymous_6)","decl":{"start":{"line":84,"column":8},"end":{"line":84,"column":28}},"loc":{"start":{"line":84,"column":64},"end":{"line":87,"column":null}},"line":84},"7":{"name":"(anonymous_7)","decl":{"start":{"line":90,"column":8},"end":{"line":90,"column":33}},"loc":{"start":{"line":90,"column":91},"end":{"line":93,"column":null}},"line":90}},"branchMap":{},"s":{"0":1,"1":2,"2":2,"3":2,"4":1,"5":1,"6":1,"7":1,"8":1,"9":2,"10":2,"11":2,"12":2,"13":2,"14":2,"15":2},"f":{"0":2,"1":2,"2":1,"3":1,"4":2,"5":2,"6":2,"7":2},"b":{},"meta":{"lastBranch":0,"lastFunction":8,"lastStatement":16,"seen":{"s:47:28:94:Infinity":0,"f:49:8:49:49":0,"s:50:21:50:Infinity":1,"s:51:4:51:Infinity":2,"f:55:8:55:25":1,"s:56:21:56:Infinity":3,"s:57:4:57:Infinity":4,"f:61:8:61:24":2,"s:62:21:62:Infinity":5,"s:63:4:63:Infinity":6,"f:67:8:67:24":3,"s:68:21:68:Infinity":7,"s:69:4:69:Infinity":8,"f:73:8:73:24":4,"s:74:4:74:Infinity":9,"f:78:8:78:30":5,"s:79:21:79:Infinity":10,"s:80:4:80:Infinity":11,"f:84:8:84:28":6,"s:85:21:85:Infinity":12,"s:86:4:86:Infinity":13,"f:90:8:90:33":7,"s:91:21:91:Infinity":14,"s:92:4:92:Infinity":15}}}
,"C:\\Users\\25293\\Desktop\\CA_project\\AD_Web\\EcoGoManagementSystem\\src\\api\\collectiblesApi.ts": {"path":"C:\\Users\\25293\\Desktop\\CA_project\\AD_Web\\EcoGoManagementSystem\\src\\api\\collectiblesApi.ts","statementMap":{"0":{"start":{"line":40,"column":17},"end":{"line":40,"column":null}},"1":{"start":{"line":41,"column":19},"end":{"line":41,"column":null}},"2":{"start":{"line":42,"column":2},"end":{"line":42,"column":null}},"3":{"start":{"line":47,"column":2},"end":{"line":47,"column":null}},"4":{"start":{"line":52,"column":2},"end":{"line":52,"column":null}},"5":{"start":{"line":57,"column":19},"end":{"line":57,"column":null}},"6":{"start":{"line":58,"column":2},"end":{"line":58,"column":null}},"7":{"start":{"line":63,"column":19},"end":{"line":63,"column":null}},"8":{"start":{"line":64,"column":2},"end":{"line":64,"column":null}},"9":{"start":{"line":69,"column":2},"end":{"line":69,"column":null}},"10":{"start":{"line":74,"column":19},"end":{"line":74,"column":null}},"11":{"start":{"line":75,"column":2},"end":{"line":75,"column":null}},"12":{"start":{"line":80,"column":19},"end":{"line":80,"column":null}},"13":{"start":{"line":81,"column":2},"end":{"line":81,"column":null}},"14":{"start":{"line":86,"column":19},"end":{"line":86,"column":null}},"15":{"start":{"line":87,"column":2},"end":{"line":87,"column":null}}},"fnMap":{"0":{"name":"getAllBadges","decl":{"start":{"line":39,"column":22},"end":{"line":39,"column":35}},"loc":{"start":{"line":39,"column":72},"end":{"line":43,"column":null}},"line":39},"1":{"name":"getAllBadgeItems","decl":{"start":{"line":46,"column":22},"end":{"line":46,"column":59}},"loc":{"start":{"line":46,"column":59},"end":{"line":48,"column":null}},"line":46},"2":{"name":"getAllClothItems","decl":{"start":{"line":51,"column":22},"end":{"line":51,"column":59}},"loc":{"start":{"line":51,"column":59},"end":{"line":53,"column":null}},"line":51},"3":{"name":"createBadge","decl":{"start":{"line":56,"column":22},"end":{"line":56,"column":34}},"loc":{"start":{"line":56,"column":76},"end":{"line":59,"column":null}},"line":56},"4":{"name":"updateBadge","decl":{"start":{"line":62,"column":22},"end":{"line":62,"column":34}},"loc":{"start":{"line":62,"column":90},"end":{"line":65,"column":null}},"line":62},"5":{"name":"deleteBadge","decl":{"start":{"line":68,"column":22},"end":{"line":68,"column":34}},"loc":{"start":{"line":68,"column":66},"end":{"line":70,"column":null}},"line":68},"6":{"name":"getBadgePurchaseStats","decl":{"start":{"line":73,"column":22},"end":{"line":73,"column":76}},"loc":{"start":{"line":73,"column":76},"end":{"line":76,"column":null}},"line":73},"7":{"name":"getBadgesBySubCategory","decl":{"start":{"line":79,"column":22},"end":{"line":79,"column":45}},"loc":{"start":{"line":79,"column":84},"end":{"line":82,"column":null}},"line":79},"8":{"name":"getBadgesByAcquisitionMethod","decl":{"start":{"line":85,"column":22},"end":{"line":85,"column":51}},"loc":{"start":{"line":85,"column":85},"end":{"line":88,"column":null}},"line":85}},"branchMap":{"0":{"loc":{"start":{"line":40,"column":17},"end":{"line":40,"column":null}},"type":"cond-expr","locations":[{"start":{"line":40,"column":28},"end":{"line":40,"column":74}},{"start":{"line":40,"column":74},"end":{"line":40,"column":null}}],"line":40},"1":{"loc":{"start":{"line":42,"column":9},"end":{"line":42,"column":null}},"type":"binary-expr","locations":[{"start":{"line":42,"column":9},"end":{"line":42,"column":31}},{"start":{"line":42,"column":31},"end":{"line":42,"column":null}}],"line":42},"2":{"loc":{"start":{"line":75,"column":9},"end":{"line":75,"column":null}},"type":"binary-expr","locations":[{"start":{"line":75,"column":9},"end":{"line":75,"column":31}},{"start":{"line":75,"column":31},"end":{"line":75,"column":null}}],"line":75},"3":{"loc":{"start":{"line":81,"column":9},"end":{"line":81,"column":null}},"type":"binary-expr","locations":[{"start":{"line":81,"column":9},"end":{"line":81,"column":31}},{"start":{"line":81,"column":31},"end":{"line":81,"column":null}}],"line":81},"4":{"loc":{"start":{"line":87,"column":9},"end":{"line":87,"column":null}},"type":"binary-expr","locations":[{"start":{"line":87,"column":9},"end":{"line":87,"column":31}},{"start":{"line":87,"column":31},"end":{"line":87,"column":null}}],"line":87}},"s":{"0":6,"1":6,"2":5,"3":1,"4":1,"5":1,"6":1,"7":1,"8":1,"9":2,"10":2,"11":2,"12":2,"13":2,"14":3,"15":3},"f":{"0":6,"1":1,"2":1,"3":1,"4":1,"5":2,"6":2,"7":2,"8":3},"b":{"0":[3,3],"1":[5,1],"2":[2,1],"3":[2,1],"4":[3,1]},"meta":{"lastBranch":5,"lastFunction":9,"lastStatement":16,"seen":{"f:39:22:39:35":0,"s:40:17:40:Infinity":0,"b:40:28:40:74:40:74:40:Infinity":0,"s:41:19:41:Infinity":1,"s:42:2:42:Infinity":2,"b:42:9:42:31:42:31:42:Infinity":1,"f:46:22:46:59":1,"s:47:2:47:Infinity":3,"f:51:22:51:59":2,"s:52:2:52:Infinity":4,"f:56:22:56:34":3,"s:57:19:57:Infinity":5,"s:58:2:58:Infinity":6,"f:62:22:62:34":4,"s:63:19:63:Infinity":7,"s:64:2:64:Infinity":8,"f:68:22:68:34":5,"s:69:2:69:Infinity":9,"f:73:22:73:76":6,"s:74:19:74:Infinity":10,"s:75:2:75:Infinity":11,"b:75:9:75:31:75:31:75:Infinity":2,"f:79:22:79:45":7,"s:80:19:80:Infinity":12,"s:81:2:81:Infinity":13,"b:81:9:81:31:81:31:81:Infinity":3,"f:85:22:85:51":8,"s:86:19:86:Infinity":14,"s:87:2:87:Infinity":15,"b:87:9:87:31:87:31:87:Infinity":4}}}
,"C:\\Users\\25293\\Desktop\\CA_project\\AD_Web\\EcoGoManagementSystem\\src\\api\\leaderboardApi.ts": {"path":"C:\\Users\\25293\\Desktop\\CA_project\\AD_Web\\EcoGoManagementSystem\\src\\api\\leaderboardApi.ts","statementMap":{"0":{"start":{"line":52,"column":19},"end":{"line":54,"column":null}},"1":{"start":{"line":55,"column":2},"end":{"line":55,"column":null}},"2":{"start":{"line":62,"column":19},"end":{"line":62,"column":null}},"3":{"start":{"line":63,"column":2},"end":{"line":63,"column":null}}},"fnMap":{"0":{"name":"getRankingsByType","decl":{"start":{"line":45,"column":22},"end":{"line":45,"column":null}},"loc":{"start":{"line":51,"column":32},"end":{"line":56,"column":null}},"line":51},"1":{"name":"getFacultyRankings","decl":{"start":{"line":61,"column":22},"end":{"line":61,"column":77}},"loc":{"start":{"line":61,"column":77},"end":{"line":64,"column":null}},"line":61}},"branchMap":{"0":{"loc":{"start":{"line":47,"column":2},"end":{"line":47,"column":null}},"type":"default-arg","locations":[{"start":{"line":47,"column":17},"end":{"line":47,"column":null}}],"line":47},"1":{"loc":{"start":{"line":48,"column":2},"end":{"line":48,"column":null}},"type":"default-arg","locations":[{"start":{"line":48,"column":17},"end":{"line":48,"column":null}}],"line":48},"2":{"loc":{"start":{"line":49,"column":2},"end":{"line":49,"column":null}},"type":"default-arg","locations":[{"start":{"line":49,"column":17},"end":{"line":49,"column":null}}],"line":49},"3":{"loc":{"start":{"line":50,"column":2},"end":{"line":50,"column":null}},"type":"default-arg","locations":[{"start":{"line":50,"column":17},"end":{"line":50,"column":null}}],"line":50}},"s":{"0":4,"1":3,"2":3,"3":2},"f":{"0":4,"1":3},"b":{"0":[4],"1":[4],"2":[4],"3":[4]},"meta":{"lastBranch":4,"lastFunction":2,"lastStatement":4,"seen":{"f:45:22:45:Infinity":0,"b:47:17:47:Infinity":0,"b:48:17:48:Infinity":1,"b:49:17:49:Infinity":2,"b:50:17:50:Infinity":3,"s:52:19:54:Infinity":0,"s:55:2:55:Infinity":1,"f:61:22:61:77":1,"s:62:19:62:Infinity":2,"s:63:2:63:Infinity":3}}}
,"C:\\Users\\25293\\Desktop\\CA_project\\AD_Web\\EcoGoManagementSystem\\src\\api\\statisticsApi.ts": {"path":"C:\\Users\\25293\\Desktop\\CA_project\\AD_Web\\EcoGoManagementSystem\\src\\api\\statisticsApi.ts","statementMap":{"0":{"start":{"line":58,"column":19},"end":{"line":60,"column":null}},"1":{"start":{"line":61,"column":2},"end":{"line":61,"column":null}},"2":{"start":{"line":65,"column":19},"end":{"line":65,"column":null}},"3":{"start":{"line":66,"column":2},"end":{"line":66,"column":null}}},"fnMap":{"0":{"name":"getManagementAnalytics","decl":{"start":{"line":57,"column":22},"end":{"line":57,"column":45}},"loc":{"start":{"line":57,"column":98},"end":{"line":62,"column":null}},"line":57},"1":{"name":"getRedemptionVolume","decl":{"start":{"line":64,"column":22},"end":{"line":64,"column":61}},"loc":{"start":{"line":64,"column":61},"end":{"line":67,"column":null}},"line":64}},"branchMap":{},"s":{"0":4,"1":3,"2":3,"3":2},"f":{"0":4,"1":3},"b":{},"meta":{"lastBranch":0,"lastFunction":2,"lastStatement":4,"seen":{"f:57:22:57:45":0,"s:58:19:60:Infinity":0,"s:61:2:61:Infinity":1,"f:64:22:64:61":1,"s:65:19:65:Infinity":2,"s:66:2:66:Infinity":3}}}
,"C:\\Users\\25293\\Desktop\\CA_project\\AD_Web\\EcoGoManagementSystem\\src\\services\\activityService.ts": {"path":"C:\\Users\\25293\\Desktop\\CA_project\\AD_Web\\EcoGoManagementSystem\\src\\services\\activityService.ts","statementMap":{"0":{"start":{"line":67,"column":31},"end":{"line":70,"column":null}},"1":{"start":{"line":68,"column":21},"end":{"line":68,"column":null}},"2":{"start":{"line":69,"column":4},"end":{"line":69,"column":null}},"3":{"start":{"line":72,"column":39},"end":{"line":75,"column":null}},"4":{"start":{"line":73,"column":21},"end":{"line":73,"column":null}},"5":{"start":{"line":74,"column":4},"end":{"line":74,"column":null}},"6":{"start":{"line":77,"column":33},"end":{"line":80,"column":null}},"7":{"start":{"line":78,"column":21},"end":{"line":78,"column":null}},"8":{"start":{"line":79,"column":4},"end":{"line":79,"column":null}},"9":{"start":{"line":82,"column":30},"end":{"line":85,"column":null}},"10":{"start":{"line":83,"column":21},"end":{"line":83,"column":null}},"11":{"start":{"line":84,"column":4},"end":{"line":84,"column":null}},"12":{"start":{"line":87,"column":30},"end":{"line":90,"column":null}},"13":{"start":{"line":88,"column":21},"end":{"line":88,"column":null}},"14":{"start":{"line":89,"column":4},"end":{"line":89,"column":null}},"15":{"start":{"line":92,"column":30},"end":{"line":94,"column":null}},"16":{"start":{"line":93,"column":4},"end":{"line":93,"column":null}},"17":{"start":{"line":96,"column":31},"end":{"line":99,"column":null}},"18":{"start":{"line":97,"column":21},"end":{"line":97,"column":null}},"19":{"start":{"line":98,"column":4},"end":{"line":98,"column":null}}},"fnMap":{"0":{"name":"(anonymous_0)","decl":{"start":{"line":67,"column":31},"end":{"line":67,"column":74}},"loc":{"start":{"line":67,"column":74},"end":{"line":70,"column":null}},"line":67},"1":{"name":"(anonymous_1)","decl":{"start":{"line":72,"column":39},"end":{"line":72,"column":46}},"loc":{"start":{"line":72,"column":104},"end":{"line":75,"column":null}},"line":72},"2":{"name":"(anonymous_2)","decl":{"start":{"line":77,"column":33},"end":{"line":77,"column":40}},"loc":{"start":{"line":77,"column":82},"end":{"line":80,"column":null}},"line":77},"3":{"name":"(anonymous_3)","decl":{"start":{"line":82,"column":30},"end":{"line":82,"column":37}},"loc":{"start":{"line":82,"column":96},"end":{"line":85,"column":null}},"line":82},"4":{"name":"(anonymous_4)","decl":{"start":{"line":87,"column":30},"end":{"line":87,"column":37}},"loc":{"start":{"line":87,"column":108},"end":{"line":90,"column":null}},"line":87},"5":{"name":"(anonymous_5)","decl":{"start":{"line":92,"column":30},"end":{"line":92,"column":37}},"loc":{"start":{"line":92,"column":67},"end":{"line":94,"column":null}},"line":92},"6":{"name":"(anonymous_6)","decl":{"start":{"line":96,"column":31},"end":{"line":96,"column":38}},"loc":{"start":{"line":96,"column":80},"end":{"line":99,"column":null}},"line":96}},"branchMap":{},"s":{"0":1,"1":2,"2":1,"3":1,"4":2,"5":2,"6":1,"7":2,"8":1,"9":1,"10":2,"11":1,"12":1,"13":1,"14":1,"15":1,"16":2,"17":1,"18":2,"19":1},"f":{"0":2,"1":2,"2":2,"3":2,"4":1,"5":2,"6":2},"b":{},"meta":{"lastBranch":0,"lastFunction":7,"lastStatement":20,"seen":{"s:67:31:70:Infinity":0,"f:67:31:67:74":0,"s:68:21:68:Infinity":1,"s:69:4:69:Infinity":2,"s:72:39:75:Infinity":3,"f:72:39:72:46":1,"s:73:21:73:Infinity":4,"s:74:4:74:Infinity":5,"s:77:33:80:Infinity":6,"f:77:33:77:40":2,"s:78:21:78:Infinity":7,"s:79:4:79:Infinity":8,"s:82:30:85:Infinity":9,"f:82:30:82:37":3,"s:83:21:83:Infinity":10,"s:84:4:84:Infinity":11,"s:87:30:90:Infinity":12,"f:87:30:87:37":4,"s:88:21:88:Infinity":13,"s:89:4:89:Infinity":14,"s:92:30:94:Infinity":15,"f:92:30:92:37":5,"s:93:4:93:Infinity":16,"s:96:31:99:Infinity":17,"f:96:31:96:38":6,"s:97:21:97:Infinity":18,"s:98:4:98:Infinity":19}}}
}
