TN:
SF:src/api/advertisementApi.ts
FN:38,getAllAdvertisements
FN:45,getAdvertisementById
FN:50,createAdvertisement
FN:55,updateAdvertisement
FN:60,deleteAdvertisement
FN:64,updateAdvertisementStatus
FN:70,getActiveAdvertisements
FNF:7
FNH:7
FNDA:3,getAllAdvertisements
FNDA:2,getAdvertisementById
FNDA:1,createAdvertisement
FNDA:1,updateAdvertisement
FNDA:2,deleteAdvertisement
FNDA:1,updateAdvertisementStatus
FNDA:1,getActiveAdvertisements
DA:39,3
DA:42,2
DA:46,2
DA:47,1
DA:51,1
DA:52,1
DA:56,1
DA:57,1
DA:61,2
DA:65,1
DA:66,1
DA:71,1
DA:72,1
LF:13
LH:13
BRDA:38,0,0,3
BRDA:38,1,0,3
BRDA:38,2,0,3
BRF:3
BRH:3
end_of_record
TN:
SF:src/api/challengeApi.ts
FN:49,(anonymous_0)
FN:55,(anonymous_1)
FN:61,(anonymous_2)
FN:67,(anonymous_3)
FN:73,(anonymous_4)
FN:78,(anonymous_5)
FN:84,(anonymous_6)
FN:90,(anonymous_7)
FNF:8
FNH:8
FNDA:2,(anonymous_0)
FNDA:2,(anonymous_1)
FNDA:1,(anonymous_2)
FNDA:1,(anonymous_3)
FNDA:2,(anonymous_4)
FNDA:2,(anonymous_5)
FNDA:2,(anonymous_6)
FNDA:2,(anonymous_7)
DA:47,1
DA:50,2
DA:51,2
DA:56,2
DA:57,1
DA:62,1
DA:63,1
DA:68,1
DA:69,1
DA:74,2
DA:79,2
DA:80,2
DA:85,2
DA:86,2
DA:91,2
DA:92,2
LF:16
LH:16
BRF:0
BRH:0
end_of_record
TN:
SF:src/api/collectiblesApi.ts
FN:39,getAllBadges
FN:46,getAllBadgeItems
FN:51,getAllClothItems
FN:56,createBadge
FN:62,updateBadge
FN:68,deleteBadge
FN:73,getBadgePurchaseStats
FN:79,getBadgesBySubCategory
FN:85,getBadgesByAcquisitionMethod
FNF:9
FNH:9
FNDA:6,getAllBadges
FNDA:1,getAllBadgeItems
FNDA:1,getAllClothItems
FNDA:1,createBadge
FNDA:1,updateBadge
FNDA:2,deleteBadge
FNDA:2,getBadgePurchaseStats
FNDA:2,getBadgesBySubCategory
FNDA:3,getBadgesByAcquisitionMethod
DA:40,6
DA:41,6
DA:42,5
DA:47,1
DA:52,1
DA:57,1
DA:58,1
DA:63,1
DA:64,1
DA:69,2
DA:74,2
DA:75,2
DA:80,2
DA:81,2
DA:86,3
DA:87,3
LF:16
LH:16
BRDA:40,0,0,3
BRDA:40,0,1,3
BRDA:42,1,0,5
BRDA:42,1,1,1
BRDA:75,2,0,2
BRDA:75,2,1,1
BRDA:81,3,0,2
BRDA:81,3,1,1
BRDA:87,4,0,3
BRDA:87,4,1,1
BRF:10
BRH:10
end_of_record
TN:
SF:src/api/leaderboardApi.ts
FN:45,getRankingsByType
FN:61,getFacultyRankings
FNF:2
FNH:2
FNDA:4,getRankingsByType
FNDA:3,getFacultyRankings
DA:52,4
DA:55,3
DA:62,3
DA:63,2
LF:4
LH:4
BRDA:47,0,0,4
BRDA:48,1,0,4
BRDA:49,2,0,4
BRDA:50,3,0,4
BRF:4
BRH:4
end_of_record
TN:
SF:src/api/statisticsApi.ts
FN:57,getManagementAnalytics
FN:64,getRedemptionVolume
FN:83,getAnalyticsSummary
FNF:3
FNH:2
FNDA:4,getManagementAnalytics
FNDA:3,getRedemptionVolume
FNDA:0,getAnalyticsSummary
DA:58,4
DA:61,3
DA:65,3
DA:66,2
DA:84,0
DA:85,0
LF:6
LH:4
BRF:0
BRH:0
end_of_record
TN:
SF:src/components/AdminLayout.tsx
FN:17,AdminLayout
FN:21,(anonymous_1)
FN:25,(anonymous_2)
FN:31,(anonymous_3)
FNF:4
FNH:4
FNDA:6,AdminLayout
FNDA:1,(anonymous_1)
FNDA:1,(anonymous_2)
FNDA:6,(anonymous_3)
DA:18,6
DA:19,6
DA:21,6
DA:22,1
DA:25,6
DA:26,1
DA:27,1
DA:28,1
DA:31,6
DA:32,6
DA:34,3
DA:36,2
DA:38,0
DA:40,0
DA:42,0
DA:44,0
DA:46,0
DA:48,0
DA:50,0
DA:52,0
DA:54,0
DA:56,0
DA:58,1
DA:62,6
LF:24
LH:14
BRDA:32,0,0,3
BRDA:32,0,1,2
BRDA:32,0,2,0
BRDA:32,0,3,0
BRDA:32,0,4,0
BRDA:32,0,5,0
BRDA:32,0,6,0
BRDA:32,0,7,0
BRDA:32,0,8,0
BRDA:32,0,9,0
BRDA:32,0,10,0
BRDA:32,0,11,0
BRDA:32,0,12,1
BRDA:67,1,0,6
BRDA:67,1,1,0
BRF:15
BRH:4
end_of_record
TN:
SF:src/components/LoginPage.tsx
FN:12,LoginPage
FN:18,(anonymous_1)
FN:45,(anonymous_2)
FN:75,(anonymous_3)
FN:91,(anonymous_4)
FNF:5
FNH:5
FNDA:63,LoginPage
FNDA:4,(anonymous_1)
FNDA:1,(anonymous_2)
FNDA:20,(anonymous_3)
FNDA:29,(anonymous_4)
DA:13,63
DA:14,63
DA:15,63
DA:16,63
DA:18,63
DA:19,4
DA:20,4
DA:22,4
DA:23,4
DA:24,3
DA:26,3
DA:27,2
DA:28,2
DA:30,2
DA:31,2
DA:33,1
DA:34,1
DA:37,1
DA:38,1
DA:39,1
DA:41,4
DA:45,63
DA:46,1
DA:49,63
DA:75,20
DA:91,29
LF:26
LH:26
BRDA:26,0,0,2
BRDA:26,0,1,1
BRDA:26,1,0,3
BRDA:26,1,1,2
BRDA:30,2,0,2
BRDA:30,2,1,1
BRDA:33,3,0,1
BRDA:33,3,1,0
BRDA:38,4,0,1
BRDA:38,4,1,0
BRDA:115,5,0,4
BRDA:115,5,1,59
BRF:12
BRH:10
end_of_record
TN:
SF:src/components/ProtectedRoute.tsx
FN:3,(anonymous_0)
FNF:1
FNH:1
FNDA:2,(anonymous_0)
DA:3,1
DA:4,2
DA:6,2
DA:7,1
DA:10,1
LF:5
LH:5
BRDA:6,0,0,1
BRDA:6,0,1,1
BRF:2
BRH:2
end_of_record
TN:
SF:src/components/modules/AdManagement.tsx
FN:50,AdManagement
FN:75,(anonymous_1)
FN:88,(anonymous_2)
FN:92,(anonymous_3)
FN:97,(anonymous_4)
FN:113,(anonymous_5)
FN:130,(anonymous_6)
FN:135,(anonymous_7)
FN:151,(anonymous_8)
FN:161,(anonymous_9)
FN:163,(anonymous_10)
FN:172,(anonymous_11)
FN:173,(anonymous_12)
FN:182,(anonymous_13)
FN:190,(anonymous_14)
FN:190,(anonymous_15)
FN:190,(anonymous_16)
FN:190,(anonymous_17)
FN:190,(anonymous_18)
FN:196,(anonymous_19)
FN:198,(anonymous_20)
FN:198,(anonymous_21)
FN:200,(anonymous_22)
FN:200,(anonymous_23)
FN:210,(anonymous_24)
FN:211,(anonymous_25)
FN:212,(anonymous_26)
FN:213,(anonymous_27)
FN:214,(anonymous_28)
FN:215,(anonymous_29)
FN:216,(anonymous_30)
FN:217,(anonymous_31)
FN:219,(anonymous_32)
FN:225,(anonymous_33)
FN:226,(anonymous_34)
FN:227,(anonymous_35)
FN:228,(anonymous_36)
FN:229,(anonymous_37)
FN:230,(anonymous_38)
FN:231,(anonymous_39)
FN:232,(anonymous_40)
FN:233,(anonymous_41)
FN:236,(anonymous_42)
FNF:43
FNH:21
FNDA:76,AdManagement
FNDA:15,(anonymous_1)
FNDA:11,(anonymous_2)
FNDA:2,(anonymous_3)
FNDA:2,(anonymous_4)
FNDA:1,(anonymous_5)
FNDA:1,(anonymous_6)
FNDA:1,(anonymous_7)
FNDA:1,(anonymous_8)
FNDA:0,(anonymous_9)
FNDA:124,(anonymous_10)
FNDA:124,(anonymous_11)
FNDA:124,(anonymous_12)
FNDA:65,(anonymous_13)
FNDA:124,(anonymous_14)
FNDA:0,(anonymous_15)
FNDA:1,(anonymous_16)
FNDA:2,(anonymous_17)
FNDA:1,(anonymous_18)
FNDA:0,(anonymous_19)
FNDA:4,(anonymous_20)
FNDA:1,(anonymous_21)
FNDA:0,(anonymous_22)
FNDA:0,(anonymous_23)
FNDA:15,(anonymous_24)
FNDA:0,(anonymous_25)
FNDA:0,(anonymous_26)
FNDA:0,(anonymous_27)
FNDA:0,(anonymous_28)
FNDA:0,(anonymous_29)
FNDA:0,(anonymous_30)
FNDA:0,(anonymous_31)
FNDA:0,(anonymous_32)
FNDA:8,(anonymous_33)
FNDA:0,(anonymous_34)
FNDA:0,(anonymous_35)
FNDA:0,(anonymous_36)
FNDA:0,(anonymous_37)
FNDA:0,(anonymous_38)
FNDA:0,(anonymous_39)
FNDA:0,(anonymous_40)
FNDA:0,(anonymous_41)
FNDA:0,(anonymous_42)
DA:48,1
DA:51,76
DA:52,76
DA:53,76
DA:54,76
DA:55,76
DA:56,76
DA:57,76
DA:58,76
DA:59,76
DA:60,76
DA:61,76
DA:62,76
DA:64,76
DA:75,76
DA:76,15
DA:77,15
DA:78,15
DA:79,15
DA:80,13
DA:82,1
DA:84,14
DA:88,76
DA:89,11
DA:92,76
DA:93,2
DA:94,2
DA:97,76
DA:98,2
DA:99,2
DA:100,2
DA:101,2
DA:102,1
DA:103,1
DA:104,1
DA:106,1
DA:108,2
DA:113,76
DA:114,1
DA:115,1
DA:116,1
DA:119,1
DA:120,1
DA:121,1
DA:122,1
DA:124,0
DA:126,1
DA:130,76
DA:131,1
DA:132,1
DA:135,76
DA:136,1
DA:137,1
DA:138,1
DA:139,1
DA:140,1
DA:141,1
DA:142,1
DA:144,0
DA:146,1
DA:151,76
DA:152,1
DA:153,1
DA:154,1
DA:155,1
DA:157,0
DA:161,76
DA:163,76
DA:164,124
DA:165,62
DA:166,62
DA:167,0
DA:168,0
DA:172,124
DA:173,124
DA:175,76
DA:176,76
DA:178,76
DA:179,10
DA:182,65
DA:183,65
DA:184,0
DA:186,65
DA:187,3
DA:189,62
DA:190,124
DA:194,65
DA:196,0
DA:198,4
DA:200,0
DA:210,15
DA:211,0
DA:212,0
DA:213,0
DA:214,0
DA:215,0
DA:216,0
DA:217,0
DA:219,0
DA:225,8
DA:226,0
DA:227,0
DA:228,0
DA:229,0
DA:230,0
DA:231,0
DA:232,0
DA:233,0
DA:236,0
LF:109
LH:84
BRDA:82,0,0,1
BRDA:82,0,1,0
BRDA:98,1,0,2
BRDA:98,1,1,0
BRDA:106,2,0,1
BRDA:106,2,1,0
BRDA:124,3,0,0
BRDA:124,3,1,0
BRDA:136,4,0,1
BRDA:136,4,1,0
BRDA:144,5,0,0
BRDA:144,5,1,0
BRDA:152,6,0,1
BRDA:152,6,1,0
BRDA:157,7,0,0
BRDA:157,7,1,0
BRDA:164,8,0,62
BRDA:164,8,1,62
BRDA:164,8,2,0
BRDA:164,8,3,0
BRDA:172,9,0,124
BRDA:172,9,1,0
BRDA:172,10,0,124
BRDA:172,10,1,0
BRDA:173,11,0,124
BRDA:173,12,0,124
BRDA:173,13,0,0
BRDA:173,13,1,124
BRDA:175,14,0,76
BRDA:175,14,1,12
BRDA:176,15,0,76
BRDA:176,15,1,13
BRDA:178,16,0,10
BRDA:178,16,1,66
BRDA:178,17,0,76
BRDA:178,17,1,14
BRDA:183,18,0,0
BRDA:183,18,1,65
BRDA:183,19,0,65
BRDA:183,19,1,4
BRDA:186,20,0,3
BRDA:186,20,1,62
BRDA:190,21,0,124
BRDA:190,21,1,0
BRDA:190,22,0,62
BRDA:190,22,1,62
BRDA:190,23,0,62
BRDA:190,23,1,62
BRDA:190,24,0,62
BRDA:190,24,1,62
BRDA:196,25,0,65
BRDA:196,25,1,3
BRDA:200,26,0,76
BRDA:200,26,1,63
BRDA:200,26,2,0
BRDA:219,27,0,76
BRDA:219,27,1,55
BRDA:219,27,2,16
BRDA:219,27,3,16
BRDA:219,28,0,76
BRDA:219,28,1,10
BRDA:224,29,0,76
BRDA:224,29,1,15
BRDA:233,30,0,15
BRDA:233,30,1,4
BRDA:236,31,0,76
BRDA:236,31,1,4
BRDA:236,32,0,76
BRDA:236,32,1,10
BRF:69
BRH:50
end_of_record
TN:
SF:src/components/modules/AnalyticsManagement.tsx
FN:30,formatNum
FN:36,KpiCard
FN:86,AnalyticsManagement
FN:92,(anonymous_3)
FN:111,(anonymous_4)
FN:112,(anonymous_5)
FN:116,(anonymous_6)
FN:118,(anonymous_7)
FN:119,(anonymous_8)
FN:120,(anonymous_9)
FN:121,(anonymous_10)
FN:122,(anonymous_11)
FN:122,(anonymous_12)
FN:123,(anonymous_13)
FN:123,(anonymous_14)
FN:124,(anonymous_15)
FN:124,(anonymous_16)
FN:125,(anonymous_17)
FN:125,(anonymous_18)
FN:126,(anonymous_19)
FN:126,(anonymous_20)
FN:127,(anonymous_21)
FN:127,(anonymous_22)
FN:128,(anonymous_23)
FN:129,(anonymous_24)
FN:129,(anonymous_25)
FN:156,(anonymous_26)
FN:160,(anonymous_27)
FN:168,(anonymous_28)
FN:169,(anonymous_29)
FN:181,(anonymous_30)
FN:183,(anonymous_31)
FN:184,(anonymous_32)
FN:184,(anonymous_33)
FN:187,(anonymous_34)
FN:189,(anonymous_35)
FN:193,(anonymous_36)
FN:195,(anonymous_37)
FN:196,(anonymous_38)
FN:196,(anonymous_39)
FN:199,(anonymous_40)
FN:201,(anonymous_41)
FN:208,(anonymous_42)
FN:210,(anonymous_43)
FN:217,(anonymous_44)
FN:219,(anonymous_45)
FN:223,(anonymous_46)
FN:224,(anonymous_47)
FN:230,(anonymous_48)
FN:232,(anonymous_49)
FN:235,(anonymous_50)
FN:238,(anonymous_51)
FN:239,(anonymous_52)
FN:240,(anonymous_53)
FN:241,(anonymous_54)
FN:242,(anonymous_55)
FN:243,(anonymous_56)
FN:244,(anonymous_57)
FN:247,(anonymous_58)
FN:250,(anonymous_59)
FN:251,(anonymous_60)
FN:252,(anonymous_61)
FN:253,(anonymous_62)
FN:254,(anonymous_63)
FN:255,(anonymous_64)
FN:256,(anonymous_65)
FN:259,(anonymous_66)
FN:262,(anonymous_67)
FN:264,(anonymous_68)
FN:266,(anonymous_69)
FN:270,(anonymous_70)
FN:271,(anonymous_71)
FN:277,(anonymous_72)
FN:282,(anonymous_73)
FN:284,(anonymous_74)
FN:285,(anonymous_75)
FN:288,(anonymous_76)
FN:289,(anonymous_77)
FN:292,(anonymous_78)
FN:294,(anonymous_79)
FN:295,(anonymous_80)
FN:298,(anonymous_81)
FN:302,(anonymous_82)
FN:317,(anonymous_83)
FN:318,(anonymous_84)
FN:321,(anonymous_85)
FN:323,(anonymous_86)
FN:327,(anonymous_87)
FN:328,(anonymous_88)
FN:328,(anonymous_89)
FN:331,(anonymous_90)
FN:335,(anonymous_91)
FN:338,(anonymous_92)
FN:339,(anonymous_93)
FN:347,(anonymous_94)
FN:348,(anonymous_95)
FN:351,(anonymous_96)
FN:353,(anonymous_97)
FN:355,(anonymous_98)
FN:362,(anonymous_99)
FN:363,(anonymous_100)
FN:363,(anonymous_101)
FN:365,(anonymous_102)
FN:366,(anonymous_103)
FN:369,(anonymous_104)
FN:370,(anonymous_105)
FN:377,(anonymous_106)
FN:384,(anonymous_107)
FN:391,(anonymous_108)
FN:393,(anonymous_109)
FN:400,(anonymous_110)
FN:412,(anonymous_111)
FN:413,(anonymous_112)
FN:425,(anonymous_113)
FN:426,(anonymous_114)
FN:433,(anonymous_115)
FN:440,(anonymous_116)
FN:446,(anonymous_117)
FN:448,(anonymous_118)
FN:467,(anonymous_119)
FN:469,(anonymous_120)
FN:482,(anonymous_121)
FN:509,(anonymous_122)
FN:511,(anonymous_123)
FN:519,(anonymous_124)
FN:520,(anonymous_125)
FN:529,(anonymous_126)
FN:540,(anonymous_127)
FN:544,(anonymous_128)
FN:546,(anonymous_129)
FN:557,(anonymous_130)
FN:559,(anonymous_131)
FN:567,(anonymous_132)
FN:569,(anonymous_133)
FN:576,(anonymous_134)
FN:578,(anonymous_135)
FN:590,(anonymous_136)
FN:592,(anonymous_137)
FN:603,(anonymous_138)
FN:605,(anonymous_139)
FN:618,(anonymous_140)
FN:626,(anonymous_141)
FN:627,(anonymous_142)
FN:637,(anonymous_143)
FN:638,(anonymous_144)
FN:650,(anonymous_145)
FN:651,(anonymous_146)
FN:688,(anonymous_147)
FN:708,(anonymous_148)
FN:731,(anonymous_149)
FN:736,(anonymous_150)
FN:743,(anonymous_151)
FN:744,(anonymous_152)
FNF:153
FNH:105
FNDA:108,formatNum
FNDA:112,KpiCard
FNDA:27,AnalyticsManagement
FNDA:8,(anonymous_3)
FNDA:8,(anonymous_4)
FNDA:8,(anonymous_5)
FNDA:77,(anonymous_6)
FNDA:0,(anonymous_7)
FNDA:1,(anonymous_8)
FNDA:1,(anonymous_9)
FNDA:0,(anonymous_10)
FNDA:8,(anonymous_11)
FNDA:0,(anonymous_12)
FNDA:8,(anonymous_13)
FNDA:0,(anonymous_14)
FNDA:8,(anonymous_15)
FNDA:0,(anonymous_16)
FNDA:8,(anonymous_17)
FNDA:0,(anonymous_18)
FNDA:8,(anonymous_19)
FNDA:0,(anonymous_20)
FNDA:8,(anonymous_21)
FNDA:0,(anonymous_22)
FNDA:0,(anonymous_23)
FNDA:8,(anonymous_24)
FNDA:0,(anonymous_25)
FNDA:15,(anonymous_26)
FNDA:3,(anonymous_27)
FNDA:1,(anonymous_28)
FNDA:1,(anonymous_29)
FNDA:15,(anonymous_30)
FNDA:3,(anonymous_31)
FNDA:1,(anonymous_32)
FNDA:0,(anonymous_33)
FNDA:15,(anonymous_34)
FNDA:3,(anonymous_35)
FNDA:15,(anonymous_36)
FNDA:3,(anonymous_37)
FNDA:1,(anonymous_38)
FNDA:0,(anonymous_39)
FNDA:15,(anonymous_40)
FNDA:3,(anonymous_41)
FNDA:0,(anonymous_42)
FNDA:1,(anonymous_43)
FNDA:15,(anonymous_44)
FNDA:2,(anonymous_45)
FNDA:2,(anonymous_46)
FNDA:2,(anonymous_47)
FNDA:1,(anonymous_48)
FNDA:2,(anonymous_49)
FNDA:0,(anonymous_50)
FNDA:15,(anonymous_51)
FNDA:2,(anonymous_52)
FNDA:1,(anonymous_53)
FNDA:1,(anonymous_54)
FNDA:2,(anonymous_55)
FNDA:0,(anonymous_56)
FNDA:1,(anonymous_57)
FNDA:0,(anonymous_58)
FNDA:15,(anonymous_59)
FNDA:2,(anonymous_60)
FNDA:1,(anonymous_61)
FNDA:1,(anonymous_62)
FNDA:2,(anonymous_63)
FNDA:0,(anonymous_64)
FNDA:1,(anonymous_65)
FNDA:0,(anonymous_66)
FNDA:15,(anonymous_67)
FNDA:0,(anonymous_68)
FNDA:2,(anonymous_69)
FNDA:2,(anonymous_70)
FNDA:2,(anonymous_71)
FNDA:1,(anonymous_72)
FNDA:15,(anonymous_73)
FNDA:2,(anonymous_74)
FNDA:2,(anonymous_75)
FNDA:15,(anonymous_76)
FNDA:2,(anonymous_77)
FNDA:15,(anonymous_78)
FNDA:2,(anonymous_79)
FNDA:2,(anonymous_80)
FNDA:15,(anonymous_81)
FNDA:2,(anonymous_82)
FNDA:15,(anonymous_83)
FNDA:4,(anonymous_84)
FNDA:15,(anonymous_85)
FNDA:2,(anonymous_86)
FNDA:15,(anonymous_87)
FNDA:3,(anonymous_88)
FNDA:1,(anonymous_89)
FNDA:15,(anonymous_90)
FNDA:2,(anonymous_91)
FNDA:15,(anonymous_92)
FNDA:2,(anonymous_93)
FNDA:14,(anonymous_94)
FNDA:78,(anonymous_95)
FNDA:15,(anonymous_96)
FNDA:2,(anonymous_97)
FNDA:2,(anonymous_98)
FNDA:15,(anonymous_99)
FNDA:2,(anonymous_100)
FNDA:1,(anonymous_101)
FNDA:2,(anonymous_102)
FNDA:1,(anonymous_103)
FNDA:15,(anonymous_104)
FNDA:2,(anonymous_105)
FNDA:15,(anonymous_106)
FNDA:2,(anonymous_107)
FNDA:22,(anonymous_108)
FNDA:22,(anonymous_109)
FNDA:15,(anonymous_110)
FNDA:33,(anonymous_111)
FNDA:1,(anonymous_112)
FNDA:0,(anonymous_113)
FNDA:0,(anonymous_114)
FNDA:8,(anonymous_115)
FNDA:36,(anonymous_116)
FNDA:0,(anonymous_117)
FNDA:0,(anonymous_118)
FNDA:0,(anonymous_119)
FNDA:0,(anonymous_120)
FNDA:0,(anonymous_121)
FNDA:0,(anonymous_122)
FNDA:0,(anonymous_123)
FNDA:0,(anonymous_124)
FNDA:0,(anonymous_125)
FNDA:0,(anonymous_126)
FNDA:0,(anonymous_127)
FNDA:0,(anonymous_128)
FNDA:0,(anonymous_129)
FNDA:0,(anonymous_130)
FNDA:2,(anonymous_131)
FNDA:0,(anonymous_132)
FNDA:0,(anonymous_133)
FNDA:0,(anonymous_134)
FNDA:2,(anonymous_135)
FNDA:0,(anonymous_136)
FNDA:0,(anonymous_137)
FNDA:0,(anonymous_138)
FNDA:0,(anonymous_139)
FNDA:2,(anonymous_140)
FNDA:0,(anonymous_141)
FNDA:0,(anonymous_142)
FNDA:0,(anonymous_143)
FNDA:2,(anonymous_144)
FNDA:0,(anonymous_145)
FNDA:0,(anonymous_146)
FNDA:0,(anonymous_147)
FNDA:14,(anonymous_148)
FNDA:108,(anonymous_149)
FNDA:270,(anonymous_150)
FNDA:6,(anonymous_151)
FNDA:1,(anonymous_152)
DA:28,1
DA:31,108
DA:32,102
DA:33,96
DA:39,112
DA:57,1
DA:59,1
DA:77,1
DA:87,27
DA:88,27
DA:89,27
DA:90,27
DA:91,27
DA:92,27
DA:93,8
DA:94,8
DA:97,27
DA:98,27
DA:99,27
DA:100,27
DA:101,27
DA:102,27
DA:103,27
DA:104,27
DA:105,27
DA:106,27
DA:107,27
DA:108,27
DA:109,27
DA:111,27
DA:112,8
DA:113,8
DA:114,8
DA:115,8
DA:116,77
DA:117,8
DA:118,0
DA:119,1
DA:120,1
DA:121,0
DA:122,8
DA:123,8
DA:124,8
DA:125,8
DA:126,8
DA:127,8
DA:128,0
DA:129,8
DA:131,7
DA:132,8
DA:133,8
DA:134,8
DA:135,8
DA:136,8
DA:137,8
DA:138,8
DA:139,8
DA:140,8
DA:141,8
DA:142,8
DA:143,8
DA:144,8
DA:146,0
DA:148,7
DA:151,8
DA:156,27
DA:158,15
DA:159,15
DA:160,15
DA:161,3
DA:162,1
DA:163,1
DA:164,1
DA:165,1
DA:168,15
DA:169,15
DA:170,1
DA:172,1
DA:173,1
DA:174,1
DA:175,0
DA:176,1
DA:177,1
DA:181,27
DA:182,15
DA:183,15
DA:184,15
DA:187,27
DA:188,15
DA:189,15
DA:190,15
DA:193,27
DA:194,15
DA:195,15
DA:196,15
DA:199,27
DA:200,15
DA:201,15
DA:202,3
DA:203,1
DA:204,1
DA:205,1
DA:206,1
DA:208,15
DA:209,15
DA:210,15
DA:211,1
DA:212,1
DA:213,1
DA:217,27
DA:219,15
DA:220,2
DA:222,15
DA:223,15
DA:224,2
DA:225,2
DA:226,2
DA:227,2
DA:230,15
DA:231,15
DA:232,2
DA:235,14
DA:238,27
DA:239,15
DA:240,15
DA:241,15
DA:242,15
DA:243,0
DA:244,1
DA:245,15
DA:247,14
DA:250,27
DA:251,15
DA:252,15
DA:253,15
DA:254,15
DA:255,0
DA:256,1
DA:257,15
DA:259,14
DA:262,27
DA:264,15
DA:266,15
DA:267,2
DA:269,15
DA:270,15
DA:271,2
DA:272,2
DA:273,2
DA:276,15
DA:277,1
DA:279,14
DA:282,27
DA:283,15
DA:284,15
DA:285,15
DA:288,27
DA:289,15
DA:292,27
DA:293,15
DA:294,15
DA:295,15
DA:298,27
DA:299,15
DA:300,15
DA:302,15
DA:303,2
DA:304,1
DA:305,1
DA:306,1
DA:310,15
DA:317,27
DA:318,15
DA:321,27
DA:322,15
DA:323,2
DA:324,1
DA:327,27
DA:328,15
DA:331,27
DA:332,15
DA:333,15
DA:334,15
DA:335,15
DA:338,27
DA:339,15
DA:340,15
DA:341,15
DA:347,27
DA:348,78
DA:351,27
DA:352,15
DA:353,15
DA:354,2
DA:355,2
DA:358,15
DA:362,27
DA:363,15
DA:364,15
DA:365,2
DA:366,1
DA:369,27
DA:370,2
DA:377,27
DA:378,15
DA:379,15
DA:380,15
DA:381,15
DA:384,15
DA:386,15
DA:387,15
DA:388,180
DA:389,180
DA:391,165
DA:392,165
DA:393,165
DA:395,165
DA:397,180
DA:400,27
DA:401,15
DA:402,15
DA:403,15
DA:405,15
DA:406,15
DA:407,15
DA:408,180
DA:409,180
DA:411,165
DA:412,33
DA:413,1
DA:414,165
DA:416,165
DA:422,180
DA:425,27
DA:426,0
DA:427,0
DA:428,0
DA:429,0
DA:433,27
DA:434,8
DA:435,8
DA:440,27
DA:441,36
DA:442,36
DA:443,11
DA:446,0
DA:448,0
DA:464,17
DA:467,0
DA:469,0
DA:482,0
DA:490,2
DA:503,0
DA:509,0
DA:511,0
DA:516,0
DA:519,0
DA:520,0
DA:526,0
DA:529,0
DA:538,1
DA:540,0
DA:544,0
DA:546,0
DA:551,1
DA:557,0
DA:559,2
DA:564,1
DA:567,0
DA:569,0
DA:576,0
DA:578,2
DA:584,0
DA:590,0
DA:592,0
DA:597,0
DA:603,0
DA:605,0
DA:610,1
DA:618,2
DA:623,0
DA:626,0
DA:627,0
DA:634,1
DA:637,0
DA:638,2
DA:645,1
DA:650,0
DA:651,0
DA:660,0
DA:666,27
DA:667,8
DA:670,18
DA:671,0
DA:674,18
DA:688,0
DA:708,14
DA:732,108
DA:737,270
DA:738,270
DA:739,270
DA:740,270
DA:743,6
DA:744,1
LF:304
LH:258
BRDA:31,0,0,6
BRDA:31,0,1,102
BRDA:32,1,0,6
BRDA:32,1,1,96
BRDA:43,2,0,112
BRDA:43,2,1,0
BRDA:44,3,0,0
BRDA:44,3,1,0
BRDA:45,4,0,0
BRDA:45,4,1,0
BRDA:52,5,0,112
BRDA:52,5,1,112
BRDA:116,6,0,77
BRDA:116,6,1,0
BRDA:143,7,0,8
BRDA:143,7,1,6
BRDA:146,8,0,0
BRDA:146,8,1,0
BRDA:161,9,0,2
BRDA:161,9,1,1
BRDA:164,10,0,0
BRDA:164,10,1,1
BRDA:172,11,0,0
BRDA:172,11,1,1
BRDA:172,12,0,0
BRDA:172,12,1,1
BRDA:173,13,0,0
BRDA:173,13,1,1
BRDA:174,14,0,0
BRDA:174,14,1,1
BRDA:183,15,0,1
BRDA:183,15,1,2
BRDA:183,16,0,1
BRDA:183,16,1,1
BRDA:189,17,0,2
BRDA:189,17,1,1
BRDA:195,18,0,1
BRDA:195,18,1,2
BRDA:195,19,0,1
BRDA:195,19,1,1
BRDA:202,20,0,2
BRDA:202,20,1,1
BRDA:204,21,0,1
BRDA:204,21,1,0
BRDA:206,22,0,1
BRDA:206,22,1,0
BRDA:220,23,0,2
BRDA:220,23,1,2
BRDA:226,24,0,0
BRDA:226,24,1,2
BRDA:227,25,0,2
BRDA:227,25,1,0
BRDA:231,26,0,1
BRDA:231,26,1,14
BRDA:235,27,0,0
BRDA:235,27,1,0
BRDA:240,28,0,1
BRDA:240,28,1,0
BRDA:240,28,2,0
BRDA:242,29,0,2
BRDA:242,29,1,1
BRDA:244,30,0,1
BRDA:244,30,1,0
BRDA:244,30,2,0
BRDA:245,31,0,1
BRDA:245,31,1,14
BRDA:247,32,0,0
BRDA:247,32,1,0
BRDA:247,32,2,0
BRDA:252,33,0,1
BRDA:252,33,1,0
BRDA:252,33,2,0
BRDA:254,34,0,2
BRDA:254,34,1,1
BRDA:256,35,0,1
BRDA:256,35,1,0
BRDA:256,35,2,0
BRDA:257,36,0,1
BRDA:257,36,1,14
BRDA:259,37,0,0
BRDA:259,37,1,0
BRDA:259,37,2,0
BRDA:264,38,0,0
BRDA:264,38,1,0
BRDA:267,39,0,2
BRDA:267,39,1,2
BRDA:272,40,0,2
BRDA:272,40,1,2
BRDA:273,41,0,2
BRDA:273,41,1,1
BRDA:276,42,0,1
BRDA:276,42,1,14
BRDA:284,43,0,2
BRDA:284,43,1,2
BRDA:289,44,0,2
BRDA:289,44,1,0
BRDA:289,45,0,2
BRDA:289,45,1,0
BRDA:294,46,0,2
BRDA:294,46,1,2
BRDA:303,47,0,1
BRDA:303,47,1,1
BRDA:305,48,0,1
BRDA:305,48,1,0
BRDA:318,49,0,4
BRDA:318,49,1,3
BRDA:322,50,0,14
BRDA:322,50,1,1
BRDA:328,51,0,1
BRDA:328,51,1,0
BRDA:335,52,0,2
BRDA:335,52,1,2
BRDA:347,53,0,8
BRDA:347,53,1,18
BRDA:348,54,0,27
BRDA:348,54,1,20
BRDA:354,55,0,2
BRDA:354,55,1,0
BRDA:354,56,0,2
BRDA:354,56,1,2
BRDA:370,57,0,15
BRDA:370,57,1,14
BRDA:371,58,0,2
BRDA:371,58,1,0
BRDA:384,59,0,2
BRDA:384,59,1,2
BRDA:389,60,0,15
BRDA:389,60,1,165
BRDA:409,61,0,15
BRDA:409,61,1,165
BRDA:413,62,0,1
BRDA:413,62,1,0
BRDA:442,63,0,11
BRDA:442,63,1,17
BRDA:442,63,2,2
BRDA:442,63,3,0
BRDA:442,63,4,0
BRDA:442,63,5,0
BRDA:442,63,6,1
BRDA:442,63,7,1
BRDA:442,63,8,1
BRDA:442,63,9,0
BRDA:442,63,10,0
BRDA:442,63,11,1
BRDA:442,63,12,0
BRDA:442,63,13,1
BRDA:442,63,14,1
BRDA:442,63,15,0
BRDA:666,64,0,8
BRDA:666,64,1,19
BRDA:670,65,0,0
BRDA:670,65,1,18
BRDA:705,66,0,18
BRDA:705,66,1,12
BRDA:746,67,0,18
BRDA:746,67,1,252
BRDA:747,68,0,18
BRDA:747,68,1,234
BRDA:751,69,0,270
BRDA:751,69,1,18
BRDA:752,70,0,270
BRDA:752,70,1,18
BRF:162
BRH:112
end_of_record
TN:
SF:src/components/modules/BadgeManagement.tsx
FN:57,BadgeManagement
FN:246,(anonymous_1)
FN:251,(anonymous_2)
FN:253,(anonymous_3)
FN:259,(anonymous_4)
FN:278,(anonymous_5)
FN:293,(anonymous_6)
FN:305,(anonymous_7)
FN:312,(anonymous_8)
FN:313,(anonymous_9)
FN:314,(anonymous_10)
FN:315,(anonymous_11)
FN:317,(anonymous_12)
FN:318,(anonymous_13)
FN:415,(anonymous_14)
FN:468,(anonymous_15)
FN:501,(anonymous_16)
FN:512,(anonymous_17)
FN:524,(anonymous_18)
FN:553,(anonymous_19)
FN:568,(anonymous_20)
FN:581,(anonymous_21)
FN:592,(anonymous_22)
FN:625,(anonymous_23)
FNF:24
FNH:17
FNDA:22,BadgeManagement
FNDA:1,(anonymous_1)
FNDA:1,(anonymous_2)
FNDA:15,(anonymous_3)
FNDA:303,(anonymous_4)
FNDA:303,(anonymous_5)
FNDA:32,(anonymous_6)
FNDA:315,(anonymous_7)
FNDA:315,(anonymous_8)
FNDA:315,(anonymous_9)
FNDA:315,(anonymous_10)
FNDA:315,(anonymous_11)
FNDA:315,(anonymous_12)
FNDA:63,(anonymous_13)
FNDA:303,(anonymous_14)
FNDA:1,(anonymous_15)
FNDA:15,(anonymous_16)
FNDA:0,(anonymous_17)
FNDA:0,(anonymous_18)
FNDA:0,(anonymous_19)
FNDA:0,(anonymous_20)
FNDA:0,(anonymous_21)
FNDA:0,(anonymous_22)
FNDA:0,(anonymous_23)
DA:58,22
DA:241,22
DA:242,22
DA:243,22
DA:244,22
DA:246,22
DA:247,1
DA:248,1
DA:251,22
DA:252,1
DA:253,15
DA:254,1
DA:255,1
DA:259,22
DA:260,303
DA:262,63
DA:264,100
DA:266,40
DA:268,40
DA:270,40
DA:272,20
DA:274,0
DA:278,22
DA:279,303
DA:281,20
DA:283,101
DA:285,101
DA:287,81
DA:289,0
DA:293,22
DA:294,32
DA:302,32
DA:305,22
DA:306,315
DA:307,315
DA:308,315
DA:311,22
DA:312,315
DA:313,315
DA:314,315
DA:315,315
DA:316,22
DA:317,315
DA:318,63
DA:320,22
DA:416,303
DA:468,1
DA:501,15
DA:512,0
DA:524,0
DA:553,0
DA:568,0
DA:581,0
DA:592,0
DA:625,0
LF:55
LH:46
BRDA:252,0,0,1
BRDA:252,0,1,0
BRDA:253,1,0,1
BRDA:253,1,1,14
BRDA:260,2,0,63
BRDA:260,2,1,100
BRDA:260,2,2,40
BRDA:260,2,3,40
BRDA:260,2,4,40
BRDA:260,2,5,20
BRDA:260,2,6,0
BRDA:279,3,0,20
BRDA:279,3,1,101
BRDA:279,3,2,101
BRDA:279,3,3,81
BRDA:279,3,4,0
BRDA:306,4,0,315
BRDA:306,4,1,15
BRDA:307,5,0,315
BRDA:307,5,1,0
BRDA:308,6,0,315
BRDA:308,6,1,303
BRDA:420,7,0,81
BRDA:420,7,1,222
BRDA:421,8,0,101
BRDA:421,8,1,121
BRDA:422,9,0,101
BRDA:422,9,1,20
BRDA:451,10,0,303
BRDA:451,10,1,63
BRDA:487,11,0,22
BRDA:487,11,1,16
BRDA:527,12,0,0
BRDA:527,12,1,0
BRDA:547,13,0,16
BRDA:547,13,1,0
BRDA:555,14,0,0
BRDA:555,14,1,0
BRDA:614,15,0,16
BRDA:614,15,1,0
BRDA:617,16,0,16
BRDA:617,16,1,0
BRDA:617,17,0,0
BRDA:617,17,1,0
BRDA:617,18,0,0
BRDA:617,18,1,0
BRF:46
BRH:31
end_of_record
TN:
SF:src/components/modules/ChallengeManagement.tsx
FN:55,ChallengeManagement
FN:80,(anonymous_1)
FN:84,(anonymous_2)
FN:97,(anonymous_3)
FN:109,(anonymous_4)
FN:110,(anonymous_5)
FN:111,(anonymous_6)
FN:112,(anonymous_7)
FN:115,(anonymous_8)
FN:139,(anonymous_9)
FN:148,(anonymous_10)
FN:159,(anonymous_11)
FN:193,(anonymous_12)
FN:198,(anonymous_13)
FN:208,(anonymous_14)
FN:212,(anonymous_15)
FN:219,(anonymous_16)
FN:237,(anonymous_17)
FN:259,(anonymous_18)
FN:331,(anonymous_19)
FN:339,(anonymous_20)
FN:353,(anonymous_21)
FN:384,(anonymous_22)
FN:453,(anonymous_23)
FN:461,(anonymous_24)
FN:472,(anonymous_25)
FN:501,(anonymous_26)
FN:509,(anonymous_27)
FN:518,(anonymous_28)
FN:525,(anonymous_29)
FN:541,(anonymous_30)
FN:549,(anonymous_31)
FN:559,(anonymous_32)
FN:564,(anonymous_33)
FN:581,(anonymous_34)
FN:588,(anonymous_35)
FN:594,(anonymous_36)
FN:614,(anonymous_37)
FN:621,(anonymous_38)
FN:629,(anonymous_39)
FN:636,(anonymous_40)
FN:652,(anonymous_41)
FN:660,(anonymous_42)
FN:669,(anonymous_43)
FN:674,(anonymous_44)
FN:688,(anonymous_45)
FN:739,(anonymous_46)
FN:794,(anonymous_47)
FNF:48
FNH:31
FNDA:97,ChallengeManagement
FNDA:11,(anonymous_1)
FNDA:11,(anonymous_2)
FNDA:246,(anonymous_3)
FNDA:246,(anonymous_4)
FNDA:246,(anonymous_5)
FNDA:246,(anonymous_6)
FNDA:246,(anonymous_7)
FNDA:318,(anonymous_8)
FNDA:270,(anonymous_9)
FNDA:246,(anonymous_10)
FNDA:2,(anonymous_11)
FNDA:3,(anonymous_12)
FNDA:3,(anonymous_13)
FNDA:2,(anonymous_14)
FNDA:3,(anonymous_15)
FNDA:2,(anonymous_16)
FNDA:540,(anonymous_17)
FNDA:2,(anonymous_18)
FNDA:0,(anonymous_19)
FNDA:0,(anonymous_20)
FNDA:0,(anonymous_21)
FNDA:246,(anonymous_22)
FNDA:2,(anonymous_23)
FNDA:3,(anonymous_24)
FNDA:2,(anonymous_25)
FNDA:16,(anonymous_26)
FNDA:3,(anonymous_27)
FNDA:11,(anonymous_28)
FNDA:0,(anonymous_29)
FNDA:3,(anonymous_30)
FNDA:4,(anonymous_31)
FNDA:0,(anonymous_32)
FNDA:0,(anonymous_33)
FNDA:0,(anonymous_34)
FNDA:0,(anonymous_35)
FNDA:0,(anonymous_36)
FNDA:14,(anonymous_37)
FNDA:0,(anonymous_38)
FNDA:0,(anonymous_39)
FNDA:0,(anonymous_40)
FNDA:3,(anonymous_41)
FNDA:0,(anonymous_42)
FNDA:0,(anonymous_43)
FNDA:0,(anonymous_44)
FNDA:0,(anonymous_45)
FNDA:2,(anonymous_46)
FNDA:0,(anonymous_47)
DA:56,97
DA:57,97
DA:58,97
DA:59,97
DA:60,97
DA:61,97
DA:62,97
DA:63,97
DA:64,97
DA:65,97
DA:76,97
DA:77,97
DA:80,97
DA:81,11
DA:84,97
DA:85,11
DA:86,11
DA:87,11
DA:88,10
DA:90,1
DA:92,11
DA:97,97
DA:98,246
DA:99,246
DA:101,246
DA:103,246
DA:107,97
DA:109,246
DA:110,246
DA:111,246
DA:112,246
DA:115,97
DA:116,318
DA:136,318
DA:139,97
DA:140,270
DA:145,270
DA:148,97
DA:149,246
DA:151,84
DA:153,81
DA:155,81
DA:159,97
DA:160,2
DA:161,2
DA:175,1
DA:176,1
DA:177,1
DA:189,1
DA:193,97
DA:194,3
DA:196,2
DA:197,2
DA:198,1
DA:199,3
DA:201,1
DA:202,1
DA:204,1
DA:208,97
DA:209,2
DA:210,2
DA:211,2
DA:212,3
DA:214,1
DA:219,97
DA:220,2
DA:221,2
DA:222,2
DA:223,2
DA:225,2
DA:226,2
DA:227,2
DA:228,1
DA:231,1
DA:233,2
DA:237,97
DA:238,540
DA:239,538
DA:242,97
DA:243,11
DA:250,85
DA:259,2
DA:331,0
DA:339,0
DA:353,0
DA:385,246
DA:387,246
DA:453,2
DA:462,3
DA:463,3
DA:472,2
DA:501,16
DA:509,3
DA:518,11
DA:525,0
DA:541,3
DA:549,4
DA:559,0
DA:564,0
DA:581,0
DA:588,0
DA:594,0
DA:614,14
DA:621,0
DA:629,0
DA:636,0
DA:652,3
DA:660,0
DA:669,0
DA:674,0
DA:688,0
DA:740,2
DA:794,0
LF:113
LH:96
BRDA:98,0,0,246
BRDA:98,0,1,0
BRDA:99,1,0,246
BRDA:99,1,1,0
BRDA:101,2,0,246
BRDA:101,2,1,0
BRDA:103,3,0,246
BRDA:103,3,1,246
BRDA:103,3,2,246
BRDA:111,4,0,246
BRDA:111,4,1,85
BRDA:112,5,0,246
BRDA:112,5,1,0
BRDA:112,6,0,246
BRDA:112,6,1,85
BRDA:136,7,0,318
BRDA:136,7,1,0
BRDA:149,8,0,84
BRDA:149,8,1,81
BRDA:149,8,2,81
BRDA:162,9,0,2
BRDA:162,9,1,1
BRDA:163,10,0,2
BRDA:163,10,1,1
BRDA:164,11,0,2
BRDA:164,11,1,0
BRDA:165,12,0,2
BRDA:165,12,1,0
BRDA:166,13,0,2
BRDA:166,13,1,0
BRDA:167,14,0,2
BRDA:167,14,1,2
BRDA:168,15,0,2
BRDA:168,15,1,0
BRDA:169,16,0,2
BRDA:169,16,1,0
BRDA:194,17,0,1
BRDA:194,17,1,2
BRDA:194,18,0,3
BRDA:194,18,1,3
BRDA:199,19,0,1
BRDA:199,19,1,2
BRDA:209,20,0,2
BRDA:209,20,1,0
BRDA:226,21,0,2
BRDA:226,21,1,0
BRDA:238,22,0,2
BRDA:238,22,1,538
BRDA:242,23,0,11
BRDA:242,23,1,86
BRDA:426,24,0,246
BRDA:426,24,1,242
BRDA:472,25,0,2
BRDA:472,25,1,2
BRDA:607,26,0,85
BRDA:607,26,1,24
BRDA:668,27,0,24
BRDA:668,27,1,1
BRDA:703,28,0,97
BRDA:703,28,1,24
BRDA:735,29,0,2
BRDA:735,29,1,22
BRDA:737,30,0,1
BRDA:737,30,1,21
BRDA:742,31,0,1
BRDA:742,31,1,1
BRDA:749,32,0,2
BRDA:749,32,1,0
BRDA:751,33,0,2
BRDA:751,33,1,0
BRDA:763,34,0,1
BRDA:763,34,1,1
BRDA:768,35,0,1
BRDA:768,35,1,1
BRDA:769,36,0,1
BRDA:769,36,1,1
BRF:76
BRH:62
end_of_record
TN:
SF:src/components/modules/ChatManagement.tsx
FN:53,ChatManagement
FN:136,(anonymous_1)
FN:137,(anonymous_2)
FN:138,(anonymous_3)
FN:140,(anonymous_4)
FN:141,(anonymous_5)
FN:148,(anonymous_6)
FN:150,(anonymous_7)
FN:154,(anonymous_8)
FN:159,(anonymous_9)
FN:165,(anonymous_10)
FN:170,(anonymous_11)
FN:175,(anonymous_12)
FN:177,(anonymous_13)
FN:182,(anonymous_14)
FN:229,(anonymous_15)
FN:306,(anonymous_16)
FN:316,(anonymous_17)
FN:334,(anonymous_18)
FN:344,(anonymous_19)
FN:370,(anonymous_20)
FN:416,(anonymous_21)
FN:425,(anonymous_22)
FN:433,(anonymous_23)
FN:445,(anonymous_24)
FN:463,(anonymous_25)
FN:474,(anonymous_26)
FN:484,(anonymous_27)
FN:493,(anonymous_28)
FN:508,(anonymous_29)
FN:521,(anonymous_30)
FN:537,(anonymous_31)
FN:548,(anonymous_32)
FN:566,(anonymous_33)
FN:576,(anonymous_34)
FN:607,(anonymous_35)
FN:620,(anonymous_36)
FN:633,(anonymous_37)
FN:646,(anonymous_38)
FN:657,(anonymous_39)
FN:676,(anonymous_40)
FN:690,(anonymous_41)
FN:707,(anonymous_42)
FN:720,(anonymous_43)
FNF:44
FNH:21
FNDA:86,ChatManagement
FNDA:258,(anonymous_1)
FNDA:258,(anonymous_2)
FNDA:258,(anonymous_3)
FNDA:0,(anonymous_4)
FNDA:0,(anonymous_5)
FNDA:1,(anonymous_6)
FNDA:3,(anonymous_7)
FNDA:0,(anonymous_8)
FNDA:1,(anonymous_9)
FNDA:1,(anonymous_10)
FNDA:0,(anonymous_11)
FNDA:1,(anonymous_12)
FNDA:3,(anonymous_13)
FNDA:1,(anonymous_14)
FNDA:1,(anonymous_15)
FNDA:0,(anonymous_16)
FNDA:0,(anonymous_17)
FNDA:0,(anonymous_18)
FNDA:0,(anonymous_19)
FNDA:258,(anonymous_20)
FNDA:1,(anonymous_21)
FNDA:1,(anonymous_22)
FNDA:0,(anonymous_23)
FNDA:1,(anonymous_24)
FNDA:0,(anonymous_25)
FNDA:16,(anonymous_26)
FNDA:0,(anonymous_27)
FNDA:0,(anonymous_28)
FNDA:0,(anonymous_29)
FNDA:0,(anonymous_30)
FNDA:0,(anonymous_31)
FNDA:0,(anonymous_32)
FNDA:0,(anonymous_33)
FNDA:5,(anonymous_34)
FNDA:0,(anonymous_35)
FNDA:15,(anonymous_36)
FNDA:12,(anonymous_37)
FNDA:26,(anonymous_38)
FNDA:0,(anonymous_39)
FNDA:0,(anonymous_40)
FNDA:0,(anonymous_41)
FNDA:0,(anonymous_42)
FNDA:0,(anonymous_43)
DA:54,86
DA:61,86
DA:118,86
DA:119,86
DA:120,86
DA:131,86
DA:132,86
DA:133,86
DA:134,86
DA:136,258
DA:137,258
DA:138,258
DA:140,86
DA:141,0
DA:142,0
DA:148,86
DA:149,1
DA:150,3
DA:154,86
DA:156,0
DA:159,86
DA:160,1
DA:161,1
DA:162,1
DA:165,86
DA:167,1
DA:170,86
DA:171,0
DA:172,0
DA:175,86
DA:176,1
DA:177,3
DA:178,1
DA:182,86
DA:183,1
DA:184,1
DA:185,1
DA:199,1
DA:200,1
DA:202,1
DA:214,0
DA:218,86
DA:229,1
DA:306,0
DA:316,0
DA:334,0
DA:344,0
DA:371,258
DA:416,1
DA:425,1
DA:433,0
DA:445,1
DA:463,0
DA:474,16
DA:484,0
DA:493,0
DA:508,0
DA:521,0
DA:537,0
DA:548,0
DA:566,0
DA:576,5
DA:607,0
DA:620,15
DA:633,12
DA:646,26
DA:657,0
DA:676,0
DA:690,0
DA:707,0
DA:720,0
LF:71
LH:46
BRDA:142,0,0,0
BRDA:142,0,1,0
BRDA:143,1,0,0
BRDA:143,1,1,0
BRDA:149,2,0,1
BRDA:149,2,1,0
BRDA:176,3,0,1
BRDA:176,3,1,0
BRDA:177,4,0,1
BRDA:177,4,1,2
BRDA:183,5,0,1
BRDA:183,5,1,0
BRDA:183,6,0,1
BRDA:183,6,1,1
BRDA:183,6,2,1
BRDA:304,7,0,0
BRDA:304,7,1,86
BRDA:352,8,0,86
BRDA:352,8,1,0
BRDA:376,9,0,172
BRDA:376,9,1,86
BRDA:377,10,0,172
BRDA:377,10,1,86
BRDA:436,11,0,172
BRDA:436,11,1,86
BRDA:458,12,0,86
BRDA:458,12,1,17
BRDA:561,13,0,86
BRDA:561,13,1,7
BRDA:588,14,0,7
BRDA:588,14,1,1
BRDA:602,15,0,86
BRDA:602,15,1,54
BRF:33
BRH:24
end_of_record
TN:
SF:src/components/modules/CollectiblesManagement.tsx
FN:95,(anonymous_0)
FN:109,(anonymous_1)
FN:122,(anonymous_2)
FN:136,CollectiblesManagement
FN:144,(anonymous_4)
FN:160,(anonymous_5)
FN:164,(anonymous_6)
FN:170,(anonymous_7)
FN:176,(anonymous_8)
FN:191,(anonymous_9)
FN:243,(anonymous_10)
FN:248,(anonymous_11)
FN:250,(anonymous_12)
FN:256,(anonymous_13)
FN:261,(anonymous_14)
FN:263,(anonymous_15)
FN:269,(anonymous_16)
FN:276,(anonymous_17)
FN:278,(anonymous_18)
FN:289,(anonymous_19)
FN:333,(anonymous_20)
FN:377,(anonymous_21)
FN:396,(anonymous_22)
FN:409,(anonymous_23)
FN:418,(anonymous_24)
FN:431,(anonymous_25)
FN:433,(anonymous_26)
FN:448,(anonymous_27)
FN:454,(anonymous_28)
FN:459,(anonymous_29)
FN:464,(anonymous_30)
FN:469,(anonymous_31)
FN:474,(anonymous_32)
FN:490,(anonymous_33)
FN:491,(anonymous_34)
FN:534,(anonymous_35)
FN:542,(anonymous_36)
FN:572,(anonymous_37)
FN:586,(anonymous_38)
FN:613,(anonymous_39)
FN:624,(anonymous_40)
FN:668,(anonymous_41)
FN:676,(anonymous_42)
FN:694,(anonymous_43)
FN:694,(anonymous_44)
FN:702,(anonymous_45)
FN:702,(anonymous_46)
FN:708,(anonymous_47)
FN:718,(anonymous_48)
FN:718,(anonymous_49)
FN:747,(anonymous_50)
FN:761,(anonymous_51)
FN:761,(anonymous_52)
FN:761,(anonymous_53)
FN:787,(anonymous_54)
FN:798,(anonymous_55)
FN:844,(anonymous_56)
FN:852,(anonymous_57)
FN:871,(anonymous_58)
FN:871,(anonymous_59)
FN:879,(anonymous_60)
FN:879,(anonymous_61)
FN:885,(anonymous_62)
FN:895,(anonymous_63)
FN:895,(anonymous_64)
FN:930,(anonymous_65)
FN:939,(anonymous_66)
FN:951,(anonymous_67)
FN:960,(anonymous_68)
FN:967,(anonymous_69)
FN:987,(anonymous_70)
FN:1014,(anonymous_71)
FN:1021,(anonymous_72)
FN:1041,(anonymous_73)
FN:1050,(anonymous_74)
FN:1062,(anonymous_75)
FN:1072,(anonymous_76)
FN:1083,(anonymous_77)
FN:1102,(anonymous_78)
FN:1127,(anonymous_79)
FN:1138,(anonymous_80)
FN:1151,(anonymous_81)
FN:1160,(anonymous_82)
FN:1166,(anonymous_83)
FN:1196,(anonymous_84)
FN:1203,(anonymous_85)
FN:1227,(anonymous_86)
FN:1236,(anonymous_87)
FN:1248,(anonymous_88)
FN:1258,(anonymous_89)
FN:1269,(anonymous_90)
FN:1291,(anonymous_91)
FN:1302,(anonymous_92)
FN:1315,(anonymous_93)
FN:1324,(anonymous_94)
FN:1330,(anonymous_95)
FN:1359,(anonymous_96)
FN:1368,(anonymous_97)
FN:1380,(anonymous_98)
FN:1388,(anonymous_99)
FN:1406,(anonymous_100)
FNF:101
FNH:49
FNDA:8,(anonymous_0)
FNDA:8,(anonymous_1)
FNDA:7,(anonymous_2)
FNDA:116,CollectiblesManagement
FNDA:11,(anonymous_4)
FNDA:7,(anonymous_5)
FNDA:10,(anonymous_6)
FNDA:8,(anonymous_7)
FNDA:7,(anonymous_8)
FNDA:9,(anonymous_9)
FNDA:1,(anonymous_10)
FNDA:1,(anonymous_11)
FNDA:1,(anonymous_12)
FNDA:1,(anonymous_13)
FNDA:1,(anonymous_14)
FNDA:1,(anonymous_15)
FNDA:1,(anonymous_16)
FNDA:1,(anonymous_17)
FNDA:0,(anonymous_18)
FNDA:1,(anonymous_19)
FNDA:1,(anonymous_20)
FNDA:146,(anonymous_21)
FNDA:81,(anonymous_22)
FNDA:81,(anonymous_23)
FNDA:0,(anonymous_24)
FNDA:77,(anonymous_25)
FNDA:77,(anonymous_26)
FNDA:1,(anonymous_27)
FNDA:0,(anonymous_28)
FNDA:0,(anonymous_29)
FNDA:18,(anonymous_30)
FNDA:0,(anonymous_31)
FNDA:81,(anonymous_32)
FNDA:77,(anonymous_33)
FNDA:81,(anonymous_34)
FNDA:77,(anonymous_35)
FNDA:81,(anonymous_36)
FNDA:18,(anonymous_37)
FNDA:77,(anonymous_38)
FNDA:1,(anonymous_39)
FNDA:65,(anonymous_40)
FNDA:1,(anonymous_41)
FNDA:1,(anonymous_42)
FNDA:0,(anonymous_43)
FNDA:0,(anonymous_44)
FNDA:0,(anonymous_45)
FNDA:0,(anonymous_46)
FNDA:0,(anonymous_47)
FNDA:0,(anonymous_48)
FNDA:0,(anonymous_49)
FNDA:0,(anonymous_50)
FNDA:81,(anonymous_51)
FNDA:0,(anonymous_52)
FNDA:81,(anonymous_53)
FNDA:1,(anonymous_54)
FNDA:81,(anonymous_55)
FNDA:1,(anonymous_56)
FNDA:0,(anonymous_57)
FNDA:0,(anonymous_58)
FNDA:0,(anonymous_59)
FNDA:0,(anonymous_60)
FNDA:0,(anonymous_61)
FNDA:0,(anonymous_62)
FNDA:0,(anonymous_63)
FNDA:0,(anonymous_64)
FNDA:16,(anonymous_65)
FNDA:0,(anonymous_66)
FNDA:0,(anonymous_67)
FNDA:0,(anonymous_68)
FNDA:0,(anonymous_69)
FNDA:0,(anonymous_70)
FNDA:9,(anonymous_71)
FNDA:0,(anonymous_72)
FNDA:12,(anonymous_73)
FNDA:0,(anonymous_74)
FNDA:0,(anonymous_75)
FNDA:0,(anonymous_76)
FNDA:0,(anonymous_77)
FNDA:0,(anonymous_78)
FNDA:0,(anonymous_79)
FNDA:0,(anonymous_80)
FNDA:0,(anonymous_81)
FNDA:0,(anonymous_82)
FNDA:0,(anonymous_83)
FNDA:7,(anonymous_84)
FNDA:0,(anonymous_85)
FNDA:7,(anonymous_86)
FNDA:0,(anonymous_87)
FNDA:0,(anonymous_88)
FNDA:0,(anonymous_89)
FNDA:0,(anonymous_90)
FNDA:0,(anonymous_91)
FNDA:0,(anonymous_92)
FNDA:0,(anonymous_93)
FNDA:0,(anonymous_94)
FNDA:0,(anonymous_95)
FNDA:7,(anonymous_96)
FNDA:0,(anonymous_97)
FNDA:0,(anonymous_98)
FNDA:0,(anonymous_99)
FNDA:0,(anonymous_100)
DA:95,1
DA:96,8
DA:97,8
DA:99,8
DA:100,7
DA:101,7
DA:102,0
DA:103,0
DA:104,0
DA:105,0
DA:109,8
DA:122,1
DA:123,7
DA:137,116
DA:138,116
DA:139,116
DA:140,116
DA:141,116
DA:144,116
DA:145,11
DA:146,11
DA:147,11
DA:150,11
DA:156,9
DA:159,9
DA:160,9
DA:163,9
DA:164,9
DA:165,10
DA:166,10
DA:170,9
DA:171,8
DA:173,9
DA:176,9
DA:177,7
DA:178,7
DA:179,7
DA:181,9
DA:184,1
DA:185,1
DA:187,10
DA:191,116
DA:192,9
DA:196,116
DA:197,116
DA:198,116
DA:199,116
DA:200,116
DA:201,116
DA:202,116
DA:203,116
DA:204,116
DA:205,116
DA:206,116
DA:207,116
DA:208,116
DA:209,116
DA:210,116
DA:211,116
DA:212,116
DA:227,116
DA:243,116
DA:244,1
DA:245,1
DA:248,116
DA:249,1
DA:250,1
DA:251,1
DA:252,1
DA:256,116
DA:257,1
DA:258,1
DA:261,116
DA:262,1
DA:263,1
DA:264,1
DA:265,1
DA:269,116
DA:270,1
DA:272,1
DA:273,1
DA:275,1
DA:276,1
DA:278,0
DA:281,1
DA:282,1
DA:284,0
DA:285,0
DA:289,116
DA:290,1
DA:291,1
DA:305,1
DA:308,1
DA:310,1
DA:312,1
DA:328,0
DA:329,0
DA:333,116
DA:334,1
DA:335,1
DA:349,1
DA:352,1
DA:354,1
DA:356,1
DA:372,0
DA:373,0
DA:377,116
DA:378,146
DA:380,143
DA:382,0
DA:384,0
DA:386,3
DA:388,0
DA:390,0
DA:392,0
DA:396,116
DA:397,81
DA:399,81
DA:401,0
DA:403,0
DA:405,0
DA:409,116
DA:410,81
DA:415,81
DA:418,116
DA:419,0
DA:427,0
DA:431,116
DA:433,116
DA:434,77
DA:435,77
DA:436,77
DA:437,77
DA:441,116
DA:442,116
DA:448,116
DA:449,1
DA:450,1
DA:451,1
DA:454,116
DA:455,0
DA:456,0
DA:459,116
DA:460,0
DA:461,0
DA:464,116
DA:465,18
DA:466,18
DA:469,116
DA:470,0
DA:471,0
DA:474,116
DA:475,81
DA:476,81
DA:477,81
DA:478,81
DA:482,116
DA:483,116
DA:488,116
DA:489,116
DA:490,116
DA:491,116
DA:493,116
DA:534,77
DA:542,81
DA:572,18
DA:587,77
DA:613,1
DA:625,65
DA:668,1
DA:677,1
DA:678,1
DA:694,0
DA:702,0
DA:703,0
DA:708,0
DA:718,0
DA:747,0
DA:761,81
DA:762,81
DA:787,1
DA:799,81
DA:844,1
DA:853,0
DA:854,0
DA:871,0
DA:879,0
DA:880,0
DA:885,0
DA:895,0
DA:930,16
DA:939,0
DA:951,0
DA:960,0
DA:967,0
DA:987,0
DA:1014,9
DA:1021,0
DA:1041,12
DA:1050,0
DA:1062,0
DA:1072,0
DA:1083,0
DA:1102,0
DA:1127,0
DA:1138,0
DA:1151,0
DA:1160,0
DA:1166,0
DA:1196,7
DA:1203,0
DA:1227,7
DA:1236,0
DA:1248,0
DA:1258,0
DA:1269,0
DA:1291,0
DA:1302,0
DA:1315,0
DA:1324,0
DA:1330,0
DA:1359,7
DA:1368,0
DA:1380,0
DA:1388,0
DA:1406,0
LF:226
LH:156
BRDA:96,0,0,8
BRDA:96,0,1,0
BRDA:99,1,0,1
BRDA:99,1,1,7
BRDA:100,2,0,0
BRDA:100,2,1,7
BRDA:101,3,0,7
BRDA:101,3,1,0
BRDA:102,4,0,0
BRDA:102,4,1,0
BRDA:103,5,0,0
BRDA:103,5,1,0
BRDA:104,6,0,0
BRDA:104,6,1,0
BRDA:111,7,0,8
BRDA:111,7,1,0
BRDA:111,7,2,0
BRDA:112,8,0,8
BRDA:112,8,1,0
BRDA:112,8,2,0
BRDA:114,9,0,8
BRDA:114,9,1,0
BRDA:115,10,0,8
BRDA:115,10,1,0
BRDA:116,11,0,8
BRDA:116,11,1,0
BRDA:116,11,2,0
BRDA:118,12,0,8
BRDA:118,12,1,0
BRDA:125,13,0,7
BRDA:125,13,1,0
BRDA:125,13,2,0
BRDA:126,14,0,7
BRDA:126,14,1,0
BRDA:126,14,2,0
BRDA:127,15,0,7
BRDA:127,15,1,0
BRDA:127,16,0,0
BRDA:127,16,1,0
BRDA:128,17,0,7
BRDA:128,17,1,0
BRDA:129,18,0,7
BRDA:129,18,1,0
BRDA:130,19,0,7
BRDA:130,19,1,0
BRDA:131,20,0,7
BRDA:131,20,1,0
BRDA:131,20,2,0
BRDA:171,21,0,8
BRDA:171,21,1,3
BRDA:177,22,0,7
BRDA:177,22,1,2
BRDA:184,23,0,1
BRDA:184,23,1,0
BRDA:249,24,0,1
BRDA:249,24,1,0
BRDA:250,25,0,1
BRDA:250,25,1,0
BRDA:262,26,0,1
BRDA:262,26,1,0
BRDA:263,27,0,1
BRDA:263,27,1,0
BRDA:270,28,0,0
BRDA:270,28,1,1
BRDA:275,29,0,1
BRDA:275,29,1,0
BRDA:298,30,0,1
BRDA:298,30,1,0
BRDA:299,31,0,0
BRDA:299,31,1,1
BRDA:342,32,0,1
BRDA:342,32,1,0
BRDA:343,33,0,0
BRDA:343,33,1,1
BRDA:378,34,0,143
BRDA:378,34,1,0
BRDA:378,34,2,0
BRDA:378,34,3,3
BRDA:378,34,4,0
BRDA:378,34,5,0
BRDA:378,34,6,0
BRDA:397,35,0,81
BRDA:397,35,1,0
BRDA:397,35,2,0
BRDA:397,35,3,0
BRDA:415,36,0,81
BRDA:415,36,1,0
BRDA:434,37,0,77
BRDA:434,37,1,2
BRDA:435,38,0,77
BRDA:435,38,1,0
BRDA:436,39,0,77
BRDA:436,39,1,17
BRDA:437,40,0,77
BRDA:437,40,1,76
BRDA:437,40,2,76
BRDA:475,41,0,81
BRDA:475,41,1,0
BRDA:476,42,0,81
BRDA:476,42,1,0
BRDA:477,43,0,81
BRDA:477,43,1,0
BRDA:478,44,0,81
BRDA:478,44,1,81
BRDA:478,44,2,81
BRDA:501,45,0,116
BRDA:501,45,1,2
BRDA:651,46,0,65
BRDA:651,46,1,62
BRDA:689,47,0,116
BRDA:689,47,1,0
BRDA:705,48,0,0
BRDA:705,48,1,0
BRDA:730,49,0,116
BRDA:730,49,1,12
BRDA:827,50,0,81
BRDA:827,50,1,81
BRDA:866,51,0,116
BRDA:866,51,1,0
BRDA:882,52,0,0
BRDA:882,52,1,0
BRDA:907,53,0,116
BRDA:907,53,1,0
BRDA:923,54,0,116
BRDA:923,54,1,17
BRDA:1120,55,0,116
BRDA:1120,55,1,115
BRDA:1127,56,0,0
BRDA:1127,56,1,0
BRDA:1131,57,0,116
BRDA:1131,57,1,0
BRDA:1138,58,0,0
BRDA:1138,58,1,0
BRDA:1171,59,0,116
BRDA:1171,59,1,23
BRDA:1284,60,0,116
BRDA:1284,60,1,115
BRDA:1291,61,0,0
BRDA:1291,61,1,0
BRDA:1295,62,0,116
BRDA:1295,62,1,0
BRDA:1302,63,0,0
BRDA:1302,63,1,0
BRDA:1335,64,0,116
BRDA:1335,64,1,16
BRDA:1352,65,0,116
BRDA:1352,65,1,8
BRF:147
BRH:76
end_of_record
TN:
SF:src/components/modules/DataAnalytics.tsx
FN:23,DataAnalytics
FN:29,(anonymous_1)
FN:30,(anonymous_2)
FN:47,(anonymous_3)
FN:50,(anonymous_4)
FN:51,(anonymous_5)
FN:89,(anonymous_6)
FN:101,(anonymous_7)
FNF:8
FNH:8
FNDA:8,DataAnalytics
FNDA:3,(anonymous_1)
FNDA:3,(anonymous_2)
FNDA:6,(anonymous_3)
FNDA:12,(anonymous_4)
FNDA:3,(anonymous_5)
FNDA:6,(anonymous_6)
FNDA:3,(anonymous_7)
DA:14,1
DA:24,8
DA:25,8
DA:26,8
DA:27,8
DA:29,8
DA:30,3
DA:31,3
DA:32,3
DA:33,3
DA:34,3
DA:35,2
DA:37,1
DA:39,3
DA:42,3
DA:45,8
DA:47,8
DA:50,12
DA:51,3
DA:53,8
DA:54,3
DA:57,5
DA:58,2
DA:61,3
DA:62,0
DA:65,3
DA:90,6
DA:102,3
LF:28
LH:27
BRDA:37,0,0,1
BRDA:37,0,1,0
BRDA:45,1,0,7
BRDA:45,1,1,1
BRDA:47,2,0,3
BRDA:47,2,1,5
BRDA:53,3,0,3
BRDA:53,3,1,5
BRDA:57,4,0,2
BRDA:57,4,1,3
BRDA:61,5,0,0
BRDA:61,5,1,3
BRDA:92,6,0,6
BRDA:92,6,1,0
BRF:14
BRH:11
end_of_record
TN:
SF:src/components/modules/HeatMapView.tsx
FN:21,HeatMapView
FN:33,(anonymous_1)
FN:45,(anonymous_2)
FN:80,(anonymous_3)
FN:89,(anonymous_4)
FN:101,(anonymous_5)
FN:102,(anonymous_6)
FNF:7
FNH:6
FNDA:2,HeatMapView
FNDA:2,(anonymous_1)
FNDA:0,(anonymous_2)
FNDA:2,(anonymous_3)
FNDA:2,(anonymous_4)
FNDA:1,(anonymous_5)
FNDA:1,(anonymous_6)
DA:28,2
DA:29,2
DA:30,2
DA:33,2
DA:34,2
DA:36,2
DA:38,2
DA:44,2
DA:45,2
DA:46,0
DA:47,0
DA:48,0
DA:49,0
DA:50,0
DA:51,0
DA:74,0
DA:76,2
DA:78,2
DA:80,2
DA:81,2
DA:82,2
DA:83,2
DA:89,2
DA:90,2
DA:92,2
DA:93,0
DA:94,0
DA:97,2
DA:99,2
DA:101,1
DA:102,1
DA:103,1
DA:107,1
DA:109,1
DA:123,1
DA:127,2
DA:129,2
LF:37
LH:28
BRDA:22,0,0,2
BRDA:23,1,0,2
BRDA:25,2,0,2
BRDA:26,3,0,2
BRDA:34,4,0,0
BRDA:34,4,1,2
BRDA:34,5,0,2
BRDA:34,5,1,2
BRDA:81,6,0,2
BRDA:81,6,1,0
BRDA:90,7,0,0
BRDA:90,7,1,2
BRDA:92,8,0,0
BRDA:92,8,1,2
BRDA:97,9,0,1
BRDA:97,9,1,1
BRDA:97,10,0,2
BRDA:97,10,1,1
BRDA:99,11,0,1
BRDA:99,11,1,1
BRDA:127,12,0,2
BRDA:127,12,1,1
BRDA:131,13,0,2
BRDA:131,13,1,2
BRDA:138,14,0,1
BRDA:138,14,1,1
BRF:26
BRH:22
end_of_record
TN:
SF:src/components/modules/LeaderboardManagement.tsx
FN:48,computeNewDate
FN:59,getRankBadge
FN:66,LeaderboardManagement
FN:87,(anonymous_3)
FN:94,(anonymous_4)
FN:100,(anonymous_5)
FN:108,(anonymous_6)
FN:113,(anonymous_7)
FN:128,(anonymous_8)
FN:136,(anonymous_9)
FN:151,(anonymous_10)
FN:168,(anonymous_11)
FN:169,(anonymous_12)
FN:173,(anonymous_13)
FN:192,(anonymous_14)
FN:219,(anonymous_15)
FN:236,(anonymous_16)
FN:285,(anonymous_17)
FN:302,(anonymous_18)
FN:311,(anonymous_19)
FN:365,(anonymous_20)
FN:372,(anonymous_21)
FN:378,(anonymous_22)
FN:384,(anonymous_23)
FN:394,(anonymous_24)
FN:423,(anonymous_25)
FN:432,(anonymous_26)
FNF:27
FNH:27
FNDA:6,computeNewDate
FNDA:184,getRankBadge
FNDA:73,LeaderboardManagement
FNDA:95,(anonymous_3)
FNDA:2,(anonymous_4)
FNDA:50,(anonymous_5)
FNDA:22,(anonymous_6)
FNDA:68,(anonymous_7)
FNDA:3,(anonymous_8)
FNDA:4,(anonymous_9)
FNDA:24,(anonymous_10)
FNDA:18,(anonymous_11)
FNDA:18,(anonymous_12)
FNDA:50,(anonymous_13)
FNDA:176,(anonymous_14)
FNDA:9,(anonymous_15)
FNDA:8,(anonymous_16)
FNDA:2,(anonymous_17)
FNDA:1,(anonymous_18)
FNDA:3,(anonymous_19)
FNDA:1,(anonymous_20)
FNDA:2,(anonymous_21)
FNDA:1,(anonymous_22)
FNDA:1,(anonymous_23)
FNDA:3,(anonymous_24)
FNDA:1,(anonymous_25)
FNDA:1,(anonymous_26)
DA:36,1
DA:37,1
DA:49,6
DA:50,4
DA:51,4
DA:52,4
DA:54,2
DA:55,2
DA:56,2
DA:60,184
DA:61,136
DA:62,88
DA:63,44
DA:68,73
DA:71,73
DA:72,73
DA:73,73
DA:74,73
DA:75,73
DA:76,73
DA:77,73
DA:78,73
DA:81,73
DA:82,73
DA:83,73
DA:87,73
DA:88,95
DA:89,89
DA:90,12
DA:91,12
DA:94,73
DA:95,2
DA:96,2
DA:97,2
DA:100,73
DA:101,50
DA:102,50
DA:103,50
DA:104,50
DA:105,6
DA:108,73
DA:109,22
DA:110,22
DA:111,22
DA:112,22
DA:113,68
DA:117,20
DA:122,1
DA:124,21
DA:128,73
DA:129,3
DA:130,3
DA:131,3
DA:136,73
DA:137,4
DA:138,4
DA:139,4
DA:140,4
DA:141,3
DA:143,1
DA:145,4
DA:151,73
DA:152,24
DA:153,21
DA:155,3
DA:161,73
DA:162,73
DA:163,73
DA:164,73
DA:168,73
DA:169,73
DA:173,73
DA:174,50
DA:175,1
DA:177,49
DA:178,5
DA:180,44
DA:193,176
DA:219,73
DA:220,9
DA:221,2
DA:223,7
DA:224,3
DA:226,4
DA:237,8
DA:238,8
DA:239,8
DA:259,73
DA:260,73
DA:261,14
DA:273,59
DA:285,2
DA:302,1
DA:311,3
DA:365,1
DA:372,2
DA:378,1
DA:384,1
DA:394,3
DA:423,1
DA:432,1
LF:101
LH:101
BRDA:49,0,0,4
BRDA:49,0,1,2
BRDA:60,1,0,48
BRDA:60,1,1,136
BRDA:61,2,0,48
BRDA:61,2,1,88
BRDA:62,3,0,44
BRDA:62,3,1,44
BRDA:88,4,0,6
BRDA:88,4,1,89
BRDA:89,5,0,77
BRDA:89,5,1,12
BRDA:95,6,0,2
BRDA:95,6,1,1
BRDA:101,7,0,50
BRDA:101,7,1,44
BRDA:104,8,0,44
BRDA:104,8,1,6
BRDA:122,9,0,1
BRDA:122,9,1,0
BRDA:143,10,0,1
BRDA:143,10,1,0
BRDA:152,11,0,21
BRDA:152,11,1,3
BRDA:162,12,0,73
BRDA:162,12,1,13
BRDA:163,13,0,73
BRDA:163,13,1,18
BRDA:164,14,0,55
BRDA:164,14,1,18
BRDA:165,15,0,55
BRDA:165,15,1,0
BRDA:174,16,0,1
BRDA:174,16,1,49
BRDA:174,17,0,50
BRDA:174,17,1,9
BRDA:177,18,0,5
BRDA:177,18,1,44
BRDA:193,19,0,132
BRDA:193,19,1,44
BRDA:203,20,0,176
BRDA:203,20,1,0
BRDA:208,21,0,44
BRDA:208,21,1,132
BRDA:220,22,0,2
BRDA:220,22,1,7
BRDA:223,23,0,3
BRDA:223,23,1,4
BRDA:240,24,0,8
BRDA:240,24,1,0
BRDA:259,25,0,62
BRDA:259,25,1,11
BRDA:259,26,0,62
BRDA:259,26,1,21
BRDA:259,27,0,11
BRDA:259,27,1,4
BRDA:260,28,0,14
BRDA:260,28,1,59
BRDA:285,29,0,1
BRDA:285,29,1,1
BRDA:290,30,0,50
BRDA:290,30,1,9
BRDA:300,31,0,50
BRDA:300,31,1,9
BRDA:309,32,0,9
BRDA:309,32,1,50
BRDA:317,33,0,73
BRDA:317,33,1,58
BRDA:317,33,2,2
BRDA:321,34,0,2
BRDA:321,34,1,1
BRDA:327,35,0,73
BRDA:327,35,1,50
BRDA:335,36,0,44
BRDA:335,36,1,6
BRDA:340,37,0,50
BRDA:340,37,1,6
BRDA:352,38,0,50
BRDA:352,38,1,6
BRDA:363,39,0,44
BRDA:363,39,1,6
BRDA:370,40,0,6
BRDA:370,40,1,44
BRDA:407,41,0,44
BRDA:407,41,1,6
BRDA:414,42,0,50
BRDA:414,42,1,49
BRDA:414,42,2,44
BRDA:447,43,0,73
BRDA:447,43,1,9
BRF:90
BRH:85
end_of_record
TN:
SF:src/components/modules/TripDataManagement.tsx
FN:23,parsePolylinePoints
FN:34,(anonymous_1)
FN:40,(anonymous_2)
FN:46,buildRoutePoints
FN:82,hasValidPoint
FN:86,addTripMarker
FN:105,drawTripPolyline
FN:124,(anonymous_7)
FN:127,TripDataManagement
FN:147,(anonymous_9)
FN:148,(anonymous_10)
FN:158,(anonymous_11)
FN:186,(anonymous_12)
FN:199,(anonymous_13)
FN:204,(anonymous_14)
FN:214,(anonymous_15)
FN:220,(anonymous_16)
FN:229,(anonymous_17)
FN:236,(anonymous_18)
FN:252,(anonymous_19)
FN:272,(anonymous_20)
FN:277,(anonymous_21)
FN:299,(anonymous_22)
FN:301,(anonymous_23)
FN:307,(anonymous_24)
FN:308,(anonymous_25)
FN:315,(anonymous_26)
FN:317,(anonymous_27)
FN:324,(anonymous_28)
FN:336,(anonymous_29)
FN:366,(anonymous_30)
FN:370,(anonymous_31)
FN:371,(anonymous_32)
FN:387,(anonymous_33)
FN:387,(anonymous_34)
FN:399,(anonymous_35)
FN:401,(anonymous_36)
FN:449,(anonymous_37)
FN:450,(anonymous_38)
FN:460,(anonymous_39)
FN:466,(anonymous_40)
FN:469,(anonymous_41)
FN:513,(anonymous_42)
FN:513,(anonymous_43)
FN:526,(anonymous_44)
FN:526,(anonymous_45)
FNF:46
FNH:44
FNDA:8,parsePolylinePoints
FNDA:6,(anonymous_1)
FNDA:6,(anonymous_2)
FNDA:8,buildRoutePoints
FNDA:13,hasValidPoint
FNDA:10,addTripMarker
FNDA:5,drawTripPolyline
FNDA:10,(anonymous_7)
FNDA:55,TripDataManagement
FNDA:12,(anonymous_9)
FNDA:12,(anonymous_10)
FNDA:22,(anonymous_11)
FNDA:14,(anonymous_12)
FNDA:13,(anonymous_13)
FNDA:12,(anonymous_14)
FNDA:8,(anonymous_15)
FNDA:12,(anonymous_16)
FNDA:19,(anonymous_17)
FNDA:7,(anonymous_18)
FNDA:5,(anonymous_19)
FNDA:31,(anonymous_20)
FNDA:6,(anonymous_21)
FNDA:60,(anonymous_22)
FNDA:10,(anonymous_23)
FNDA:55,(anonymous_24)
FNDA:42,(anonymous_25)
FNDA:7,(anonymous_26)
FNDA:30,(anonymous_27)
FNDA:30,(anonymous_28)
FNDA:1,(anonymous_29)
FNDA:11,(anonymous_30)
FNDA:11,(anonymous_31)
FNDA:10,(anonymous_32)
FNDA:11,(anonymous_33)
FNDA:10,(anonymous_34)
FNDA:11,(anonymous_35)
FNDA:1,(anonymous_36)
FNDA:2,(anonymous_37)
FNDA:3,(anonymous_38)
FNDA:54,(anonymous_39)
FNDA:5,(anonymous_40)
FNDA:1,(anonymous_41)
FNDA:0,(anonymous_42)
FNDA:0,(anonymous_43)
FNDA:1,(anonymous_44)
FNDA:1,(anonymous_45)
DA:16,1
DA:17,1
DA:24,8
DA:25,8
DA:26,8
DA:27,3
DA:29,8
DA:30,2
DA:32,8
DA:33,4
DA:35,6
DA:36,6
DA:37,6
DA:38,5
DA:40,6
DA:42,0
DA:52,8
DA:55,8
DA:56,6
DA:57,6
DA:58,6
DA:59,6
DA:61,0
DA:65,2
DA:66,2
DA:67,2
DA:68,2
DA:69,1
DA:72,2
DA:73,2
DA:74,2
DA:75,2
DA:76,1
DA:79,2
DA:83,13
DA:94,10
DA:95,10
DA:99,10
DA:102,10
DA:112,5
DA:113,5
DA:114,5
DA:116,5
DA:118,5
DA:119,5
DA:120,5
DA:124,10
DA:128,55
DA:129,55
DA:130,55
DA:132,55
DA:133,55
DA:134,55
DA:135,55
DA:136,55
DA:139,55
DA:142,55
DA:143,55
DA:144,55
DA:147,55
DA:148,12
DA:149,12
DA:150,12
DA:151,11
DA:152,11
DA:153,11
DA:156,11
DA:158,11
DA:160,22
DA:161,22
DA:163,22
DA:164,11
DA:167,22
DA:168,22
DA:169,22
DA:170,22
DA:171,22
DA:175,11
DA:176,11
DA:178,1
DA:182,12
DA:186,55
DA:187,14
DA:188,14
DA:189,13
DA:190,13
DA:191,13
DA:194,1
DA:195,1
DA:199,55
DA:200,13
DA:204,55
DA:205,12
DA:206,12
DA:207,12
DA:210,12
DA:211,12
DA:214,12
DA:215,8
DA:220,12
DA:221,12
DA:222,12
DA:223,12
DA:229,55
DA:230,19
DA:231,12
DA:232,12
DA:233,12
DA:236,7
DA:237,7
DA:238,7
DA:240,6
DA:242,7
DA:243,7
DA:244,5
DA:245,5
DA:248,6
DA:250,6
DA:252,5
DA:253,5
DA:254,4
DA:256,1
DA:257,1
DA:260,1
DA:261,1
DA:264,1
DA:265,1
DA:268,7
DA:272,55
DA:273,31
DA:274,31
DA:275,31
DA:277,6
DA:278,5
DA:280,5
DA:281,5
DA:282,5
DA:283,5
DA:285,5
DA:286,5
DA:288,5
DA:289,5
DA:292,5
DA:294,5
DA:295,5
DA:299,60
DA:301,55
DA:302,10
DA:303,10
DA:304,10
DA:307,55
DA:308,55
DA:309,55
DA:311,41
DA:314,55
DA:315,55
DA:317,55
DA:319,30
DA:321,30
DA:324,55
DA:326,30
DA:329,55
DA:336,1
DA:366,11
DA:370,11
DA:371,10
DA:387,11
DA:388,10
DA:399,11
DA:401,1
DA:449,2
DA:451,3
DA:452,1
DA:461,54
DA:467,5
DA:470,1
DA:471,1
DA:513,0
DA:526,1
LF:179
LH:176
BRDA:26,0,0,3
BRDA:26,0,1,5
BRDA:29,1,0,2
BRDA:29,1,1,6
BRDA:32,2,0,4
BRDA:32,2,1,4
BRDA:32,3,0,8
BRDA:32,3,1,5
BRDA:37,4,0,1
BRDA:37,4,1,5
BRDA:37,5,0,6
BRDA:37,5,1,5
BRDA:55,6,0,6
BRDA:55,6,1,2
BRDA:55,7,0,8
BRDA:55,7,1,6
BRDA:55,7,2,6
BRDA:55,7,3,6
BRDA:55,7,4,6
BRDA:58,8,0,6
BRDA:58,8,1,0
BRDA:58,9,0,6
BRDA:58,9,1,6
BRDA:58,9,2,6
BRDA:58,9,3,6
BRDA:65,10,0,2
BRDA:65,10,1,0
BRDA:65,11,0,2
BRDA:65,11,1,2
BRDA:65,11,2,2
BRDA:68,12,0,1
BRDA:68,12,1,1
BRDA:68,13,0,2
BRDA:68,13,1,2
BRDA:68,13,2,1
BRDA:72,14,0,2
BRDA:72,14,1,0
BRDA:72,15,0,2
BRDA:72,15,1,2
BRDA:72,15,2,2
BRDA:75,16,0,1
BRDA:75,16,1,1
BRDA:75,17,0,2
BRDA:75,17,1,2
BRDA:75,17,2,1
BRDA:83,18,0,13
BRDA:83,18,1,12
BRDA:83,18,2,12
BRDA:100,19,0,10
BRDA:100,19,1,0
BRDA:112,20,0,5
BRDA:112,20,1,5
BRDA:113,21,0,0
BRDA:113,21,1,5
BRDA:116,22,0,0
BRDA:116,22,1,5
BRDA:118,23,0,5
BRDA:118,23,1,5
BRDA:119,24,0,5
BRDA:119,24,1,0
BRDA:119,25,0,0
BRDA:119,25,1,0
BRDA:122,26,0,5
BRDA:122,26,1,0
BRDA:152,27,0,11
BRDA:152,27,1,0
BRDA:160,28,0,22
BRDA:160,28,1,0
BRDA:160,28,2,0
BRDA:161,29,0,0
BRDA:161,29,1,22
BRDA:163,30,0,11
BRDA:163,30,1,11
BRDA:167,31,0,22
BRDA:167,31,1,0
BRDA:168,32,0,22
BRDA:168,32,1,0
BRDA:170,33,0,22
BRDA:170,33,1,0
BRDA:189,34,0,13
BRDA:189,34,1,0
BRDA:205,35,0,12
BRDA:205,35,1,0
BRDA:205,36,0,12
BRDA:205,36,1,12
BRDA:221,37,0,12
BRDA:221,37,1,0
BRDA:230,38,0,12
BRDA:230,38,1,7
BRDA:240,39,0,6
BRDA:240,39,1,0
BRDA:243,40,0,5
BRDA:243,40,1,2
BRDA:250,41,0,5
BRDA:250,41,1,1
BRDA:253,42,0,4
BRDA:253,42,1,1
BRDA:275,43,0,26
BRDA:275,43,1,5
BRDA:275,44,0,31
BRDA:275,44,1,31
BRDA:275,44,2,31
BRDA:278,45,0,0
BRDA:278,45,1,5
BRDA:285,46,0,5
BRDA:285,46,1,0
BRDA:285,47,0,5
BRDA:285,47,1,5
BRDA:288,48,0,5
BRDA:288,48,1,0
BRDA:288,49,0,5
BRDA:288,49,1,5
BRDA:294,50,0,5
BRDA:294,50,1,0
BRDA:299,51,0,60
BRDA:299,51,1,0
BRDA:302,52,0,10
BRDA:302,52,1,0
BRDA:303,53,0,10
BRDA:303,53,1,0
BRDA:309,54,0,14
BRDA:309,54,1,41
BRDA:319,55,0,30
BRDA:319,55,1,30
BRDA:321,56,0,30
BRDA:321,56,1,0
BRDA:321,57,0,30
BRDA:321,57,1,30
BRDA:347,58,0,55
BRDA:347,58,1,14
BRDA:347,58,2,6
BRDA:352,59,0,5
BRDA:352,59,1,1
BRDA:359,60,0,6
BRDA:359,60,1,5
BRDA:366,61,0,11
BRDA:366,61,1,0
BRDA:370,62,0,11
BRDA:370,62,1,0
BRDA:371,63,0,10
BRDA:371,63,1,0
BRDA:371,63,2,0
BRDA:382,64,0,6
BRDA:382,64,1,1
BRDA:399,65,0,6
BRDA:399,65,1,1
BRDA:409,66,0,6
BRDA:409,66,1,5
BRDA:425,67,0,4
BRDA:425,67,1,1
BRDA:426,68,0,4
BRDA:426,68,1,1
BRDA:451,69,0,1
BRDA:451,69,1,2
BRDA:451,70,0,3
BRDA:451,70,1,1
BRDA:465,71,0,14
BRDA:465,71,1,40
BRDA:470,72,0,1
BRDA:470,72,1,0
BRDA:470,73,0,1
BRDA:470,73,1,0
BRDA:477,74,0,27
BRDA:477,74,1,27
BRDA:478,75,0,27
BRDA:478,75,1,27
BRDA:485,76,0,27
BRDA:485,76,1,27
BRDA:494,77,0,54
BRDA:494,77,1,28
BRDA:495,78,0,54
BRDA:495,78,1,28
BRDA:502,79,0,55
BRDA:502,79,1,28
BRF:174
BRH:139
end_of_record
TN:
SF:src/components/ui/avatar.tsx
FN:8,Avatar
FN:24,AvatarImage
FN:37,AvatarFallback
FNF:3
FNH:2
FNDA:58,Avatar
FNDA:0,AvatarImage
FNDA:58,AvatarFallback
DA:6,1
DA:12,58
DA:28,0
DA:41,58
LF:4
LH:3
BRF:0
BRH:0
end_of_record
TN:
SF:src/components/ui/badge.tsx
FN:28,Badge
FNF:1
FNH:1
FNDA:2596,Badge
DA:7,7
DA:35,2596
DA:37,2596
LF:3
LH:3
BRDA:31,0,0,2596
BRDA:35,1,0,0
BRDA:35,1,1,2596
BRF:3
BRH:2
end_of_record
TN:
SF:src/components/ui/button.tsx
FN:43,(anonymous_0)
FNF:1
FNH:1
FNDA:4324,(anonymous_0)
DA:7,9
DA:37,9
DA:44,4324
DA:46,4324
DA:56,9
LF:5
LH:5
BRDA:43,0,0,4324
BRDA:44,1,0,0
BRDA:44,1,1,4324
BRF:3
BRH:2
end_of_record
TN:
SF:src/components/ui/card.tsx
FN:5,Card
FN:18,CardHeader
FN:31,CardTitle
FN:41,CardDescription
FN:51,CardAction
FN:64,CardContent
FN:74,CardFooter
FNF:7
FNH:4
FNDA:2877,Card
FNDA:59,CardHeader
FNDA:59,CardTitle
FNDA:0,CardDescription
FNDA:0,CardAction
FNDA:71,CardContent
FNDA:0,CardFooter
DA:6,2877
DA:19,59
DA:32,59
DA:42,0
DA:52,0
DA:65,71
DA:75,0
LF:7
LH:4
BRF:0
BRH:0
end_of_record
TN:
SF:src/components/ui/dialog.tsx
FN:9,Dialog
FN:15,DialogTrigger
FN:21,DialogPortal
FN:27,DialogClose
FN:33,DialogOverlay
FN:49,DialogContent
FN:75,DialogHeader
FN:85,DialogFooter
FN:98,DialogTitle
FN:111,DialogDescription
FNF:10
FNH:8
FNDA:925,Dialog
FNDA:0,DialogTrigger
FNDA:925,DialogPortal
FNDA:0,DialogClose
FNDA:198,DialogOverlay
FNDA:925,DialogContent
FNDA:194,DialogHeader
FNDA:194,DialogFooter
FNDA:194,DialogTitle
FNDA:179,DialogDescription
DA:7,4
DA:12,925
DA:18,0
DA:24,925
DA:30,0
DA:37,198
DA:54,925
DA:76,194
DA:86,194
DA:102,194
DA:115,179
LF:11
LH:9
BRF:0
BRH:0
end_of_record
TN:
SF:src/components/ui/input.tsx
FN:5,Input
FNF:1
FNH:1
FNDA:1412,Input
DA:6,1412
LF:1
LH:1
BRF:0
BRH:0
end_of_record
TN:
SF:src/components/ui/label.tsx
FN:8,Label
FNF:1
FNH:1
FNDA:2157,Label
DA:6,6
DA:12,2157
LF:2
LH:2
BRF:0
BRH:0
end_of_record
TN:
SF:src/components/ui/select.tsx
FN:13,Select
FN:19,SelectGroup
FN:25,SelectValue
FN:31,SelectTrigger
FN:57,SelectContent
FN:92,SelectLabel
FN:105,SelectItem
FN:129,SelectSeparator
FN:142,SelectScrollUpButton
FN:160,SelectScrollDownButton
FNF:10
FNH:7
FNDA:780,Select
FNDA:0,SelectGroup
FNDA:780,SelectValue
FNDA:780,SelectTrigger
FNDA:780,SelectContent
FNDA:0,SelectLabel
FNDA:3260,SelectItem
FNDA:0,SelectSeparator
FNDA:784,SelectScrollUpButton
FNDA:784,SelectScrollDownButton
DA:11,7
DA:16,780
DA:22,0
DA:28,780
DA:39,780
DA:63,780
DA:96,0
DA:110,3260
DA:133,0
DA:146,784
DA:164,784
LF:11
LH:8
BRDA:33,0,0,780
BRDA:60,1,0,780
BRDA:69,2,0,780
BRDA:69,2,1,780
BRDA:80,3,0,780
BRDA:80,3,1,780
BRF:6
BRH:6
end_of_record
TN:
SF:src/components/ui/switch.tsx
FN:8,Switch
FNF:1
FNH:0
FNDA:0,Switch
DA:6,1
DA:12,0
LF:2
LH:1
BRF:0
BRH:0
end_of_record
TN:
SF:src/components/ui/table.tsx
FN:7,Table
FN:22,TableHeader
FN:32,TableBody
FN:42,TableFooter
FN:55,TableRow
FN:68,TableHead
FN:81,TableCell
FN:94,TableCaption
FNF:8
FNH:6
FNDA:77,Table
FNDA:77,TableHeader
FNDA:77,TableBody
FNDA:0,TableFooter
FNDA:302,TableRow
FNDA:616,TableHead
FNDA:1792,TableCell
FNDA:0,TableCaption
DA:5,1
DA:8,77
DA:23,77
DA:33,77
DA:43,0
DA:56,302
DA:69,616
DA:82,1792
DA:98,0
LF:9
LH:7
BRF:0
BRH:0
end_of_record
TN:
SF:src/components/ui/tabs.tsx
FN:8,Tabs
FN:21,TabsList
FN:37,TabsTrigger
FN:53,TabsContent
FNF:4
FNH:4
FNDA:108,Tabs
FNDA:108,TabsList
FNDA:216,TabsTrigger
FNDA:216,TabsContent
DA:6,1
DA:12,108
DA:25,108
DA:41,216
DA:57,216
LF:5
LH:5
BRF:0
BRH:0
end_of_record
TN:
SF:src/components/ui/textarea.tsx
FN:5,Textarea
FNF:1
FNH:1
FNDA:203,Textarea
DA:6,203
LF:1
LH:1
BRF:0
BRH:0
end_of_record
TN:
SF:src/components/ui/utils.ts
FN:4,cn
FNF:1
FNH:1
FNDA:26505,cn
DA:5,26505
LF:1
LH:1
BRF:0
BRH:0
end_of_record
TN:
SF:src/hooks/useDebounce.ts
FN:3,useDebounce
FN:6,(anonymous_1)
FN:7,(anonymous_2)
FN:11,(anonymous_3)
FNF:4
FNH:4
FNDA:154,useDebounce
FNDA:34,(anonymous_1)
FNDA:4,(anonymous_2)
FNDA:34,(anonymous_3)
DA:4,154
DA:6,154
DA:7,34
DA:8,4
DA:11,34
DA:12,34
DA:16,154
LF:7
LH:7
BRF:0
BRH:0
end_of_record
TN:
SF:src/services/activityService.ts
FN:67,(anonymous_0)
FN:72,(anonymous_1)
FN:77,(anonymous_2)
FN:82,(anonymous_3)
FN:87,(anonymous_4)
FN:92,(anonymous_5)
FN:96,(anonymous_6)
FNF:7
FNH:7
FNDA:2,(anonymous_0)
FNDA:2,(anonymous_1)
FNDA:2,(anonymous_2)
FNDA:2,(anonymous_3)
FNDA:1,(anonymous_4)
FNDA:2,(anonymous_5)
FNDA:2,(anonymous_6)
DA:67,1
DA:68,2
DA:69,1
DA:72,1
DA:73,2
DA:74,2
DA:77,1
DA:78,2
DA:79,1
DA:82,1
DA:83,2
DA:84,1
DA:87,1
DA:88,1
DA:89,1
DA:92,1
DA:93,2
DA:96,1
DA:97,2
DA:98,1
LF:20
LH:20
BRF:0
BRH:0
end_of_record
TN:
SF:src/services/auth.ts
FN:44,(anonymous_0)
FN:51,(anonymous_1)
FN:58,(anonymous_2)
FN:59,(anonymous_3)
FN:70,(anonymous_4)
FNF:5
FNH:1
FNDA:0,(anonymous_0)
FNDA:0,(anonymous_1)
FNDA:0,(anonymous_2)
FNDA:0,(anonymous_3)
FNDA:4,(anonymous_4)
DA:34,1
DA:43,1
DA:45,0
DA:46,0
DA:47,0
DA:49,0
DA:52,0
DA:57,1
DA:58,0
DA:60,0
DA:62,0
DA:63,0
DA:66,0
DA:70,1
DA:71,4
DA:72,4
DA:73,1
DA:75,3
DA:77,2
DA:78,2
DA:80,1
LF:21
LH:11
BRDA:46,0,0,0
BRDA:46,0,1,0
BRDA:60,1,0,0
BRDA:60,1,1,0
BRDA:75,2,0,2
BRDA:75,2,1,1
BRDA:77,3,0,2
BRDA:77,3,1,1
BRDA:77,3,2,0
BRF:9
BRH:4
end_of_record
TN:
SF:src/services/pointsService.ts
FN:39,(anonymous_0)
FN:45,(anonymous_1)
FN:51,(anonymous_2)
FN:65,(anonymous_3)
FNF:4
FNH:4
FNDA:1,(anonymous_0)
FNDA:1,(anonymous_1)
FNDA:1,(anonymous_2)
FNDA:1,(anonymous_3)
DA:39,1
DA:40,1
DA:41,1
DA:45,1
DA:46,1
DA:47,1
DA:51,1
DA:52,1
DA:53,1
DA:65,1
DA:66,1
DA:67,1
LF:12
LH:12
BRF:0
BRH:0
end_of_record
TN:
SF:src/services/rewardService.ts
FN:81,(anonymous_0)
FN:102,(anonymous_1)
FN:107,(anonymous_2)
FN:112,(anonymous_3)
FN:117,(anonymous_4)
FN:124,(anonymous_5)
FN:129,(anonymous_6)
FN:134,(anonymous_7)
FN:139,(anonymous_8)
FN:156,(anonymous_9)
FNF:10
FNH:10
FNDA:1,(anonymous_0)
FNDA:1,(anonymous_1)
FNDA:1,(anonymous_2)
FNDA:1,(anonymous_3)
FNDA:1,(anonymous_4)
FNDA:1,(anonymous_5)
FNDA:1,(anonymous_6)
FNDA:1,(anonymous_7)
FNDA:1,(anonymous_8)
FNDA:1,(anonymous_9)
DA:81,1
DA:82,1
DA:83,1
DA:102,1
DA:103,1
DA:104,1
DA:107,1
DA:108,1
DA:109,1
DA:112,1
DA:113,1
DA:114,1
DA:117,1
DA:118,1
DA:119,1
DA:124,1
DA:125,1
DA:126,1
DA:129,1
DA:130,1
DA:131,1
DA:134,1
DA:135,1
DA:136,1
DA:139,1
DA:140,1
DA:141,1
DA:156,1
DA:157,1
DA:158,1
LF:30
LH:30
BRDA:81,0,0,1
BRDA:81,1,0,1
BRDA:102,2,0,1
BRDA:102,3,0,1
BRDA:124,4,0,1
BRDA:124,5,0,1
BRF:6
BRH:6
end_of_record
TN:
SF:src/services/tripService.ts
FN:68,(anonymous_0)
FN:84,(anonymous_1)
FNF:2
FNH:2
FNDA:3,(anonymous_0)
FNDA:3,(anonymous_1)
DA:68,1
DA:69,3
DA:70,3
DA:71,3
DA:72,2
DA:73,2
DA:74,1
DA:76,1
DA:77,1
DA:79,1
DA:80,1
DA:84,1
DA:85,3
DA:86,3
DA:87,3
DA:88,2
DA:89,2
DA:90,1
DA:92,1
DA:93,1
DA:95,1
DA:96,1
LF:22
LH:22
BRDA:73,0,0,1
BRDA:73,0,1,1
BRDA:73,1,0,2
BRDA:73,1,1,2
BRDA:74,2,0,1
BRDA:74,2,1,0
BRDA:89,3,0,1
BRDA:89,3,1,1
BRF:8
BRH:7
end_of_record
TN:
SF:src/services/userService.ts
FN:75,(anonymous_0)
FN:81,(anonymous_1)
FN:96,(anonymous_2)
FN:102,(anonymous_3)
FNF:4
FNH:4
FNDA:2,(anonymous_0)
FNDA:1,(anonymous_1)
FNDA:1,(anonymous_2)
FNDA:1,(anonymous_3)
DA:75,1
DA:76,2
DA:77,2
DA:81,1
DA:82,1
DA:83,1
DA:96,1
DA:97,1
DA:98,1
DA:102,1
DA:103,1
DA:104,1
LF:12
LH:12
BRDA:75,0,0,2
BRDA:75,1,0,2
BRF:2
BRH:2
end_of_record
TN:
SF:src/services/vipService.ts
FN:34,(anonymous_0)
FN:39,(anonymous_1)
FNF:2
FNH:2
FNDA:1,(anonymous_0)
FNDA:1,(anonymous_1)
DA:34,1
DA:35,1
DA:36,1
DA:39,1
DA:40,1
DA:41,1
LF:6
LH:6
BRF:0
BRH:0
end_of_record
